<?xml version="1.0" encoding="UTF-8"?>
<!-- Generated by org.testng.reporters.JUnitXMLReporter -->
<testsuite ignored="0" hostname="PERU-METO" failures="0" tests="1" name="Guarantor Test" time="0.0" errors="0" timestamp="2023-06-22T16:24:20 COT">
  <testcase classname="org.meto.appium.base.TestBase" name="@BeforeSuite setup" time="175.704">
    <failure type="org.openqa.selenium.SessionNotCreatedException" message="Could not start a new session. Response code 500. Message: An unknown server-side error occurred while processing the command. Original error: Error executing adbExec. Original error: &amp;apos;Command &amp;apos;C:\\Users\\meto\\AppData\\Local\\Android\\Sdk\\platform-tools\\adb.exe -P 5037 -s 5200fa184e619579 install C:\\code\\AppiumFrameworkSurgir3//src//test//resources//app//Surgir_debug_5.0.0_Release5.0.0.apk&amp;apos; timed out after 90000ms&amp;apos;. Try to increase the 90000ms adb execution timeout represented by &amp;apos;androidInstallTimeout&amp;apos; capability 
Host info: host: &amp;apos;PERU-METO&amp;apos;, ip: &amp;apos;10.6.116.101&amp;apos;
Build info: version: &amp;apos;4.10.0&amp;apos;, revision: &amp;apos;c14d967899&amp;apos;
System info: os.name: &amp;apos;Windows 11&amp;apos;, os.arch: &amp;apos;amd64&amp;apos;, os.version: &amp;apos;10.0&amp;apos;, java.version: &amp;apos;11.0.17&amp;apos;
Driver info: io.appium.java_client.android.AndroidDriver
Command: [null, newSession {capabilities=[{appium:udid=5200fa184e619579, appium:ignoreHiddenApiPolicyError=true, appium:chromedriverExecutable=C:\code\AppiumFrameworkSurgir3//src//test//resources//driver//chromedriver, appium:appWaitActivity=.ui.login.LoginActivity,.ui.splash.SplashActivity, appium:deviceName=samsung SM-T395, platformName=ANDROID, appium:automationName=UIAutomator2, appium:app=C:\code\AppiumFrameworkSurgir3//src//test//resources//app//Surgir_debug_5.0.0_Release5.0.0.apk}], desiredCapabilities=Capabilities {appium:app: C:\code\AppiumFrameworkSurg..., appium:appWaitActivity: .ui.login.LoginActivity,.ui..., appium:automationName: UIAutomator2, appium:chromedriverExecutable: C:\code\AppiumFrameworkSurg..., appium:deviceName: samsung SM-T395, appium:ignoreHiddenApiPolicyError: true, appium:udid: 5200fa184e619579, platformName: ANDROID}}]
Capabilities {appium:app: C:\code\AppiumFrameworkSurg..., appium:appWaitActivity: .ui.login.LoginActivity,.ui..., appium:automationName: UIAutomator2, appium:chromedriverExecutable: C:\code\AppiumFrameworkSurg..., appium:deviceName: samsung SM-T395, appium:ignoreHiddenApiPolicyError: true, appium:udid: 5200fa184e619579, platformName: ANDROID}">
      <![CDATA[org.openqa.selenium.SessionNotCreatedException: Could not start a new session. Response code 500. Message: An unknown server-side error occurred while processing the command. Original error: Error executing adbExec. Original error: 'Command 'C:\\Users\\meto\\AppData\\Local\\Android\\Sdk\\platform-tools\\adb.exe -P 5037 -s 5200fa184e619579 install C:\\code\\AppiumFrameworkSurgir3//src//test//resources//app//Surgir_debug_5.0.0_Release5.0.0.apk' timed out after 90000ms'. Try to increase the 90000ms adb execution timeout represented by 'androidInstallTimeout' capability 
Host info: host: 'PERU-METO', ip: '10.6.116.101'
Build info: version: '4.10.0', revision: 'c14d967899'
System info: os.name: 'Windows 11', os.arch: 'amd64', os.version: '10.0', java.version: '11.0.17'
Driver info: io.appium.java_client.android.AndroidDriver
Command: [null, newSession {capabilities=[{appium:udid=5200fa184e619579, appium:ignoreHiddenApiPolicyError=true, appium:chromedriverExecutable=C:\code\AppiumFrameworkSurgir3//src//test//resources//driver//chromedriver, appium:appWaitActivity=.ui.login.LoginActivity,.ui.splash.SplashActivity, appium:deviceName=samsung SM-T395, platformName=ANDROID, appium:automationName=UIAutomator2, appium:app=C:\code\AppiumFrameworkSurgir3//src//test//resources//app//Surgir_debug_5.0.0_Release5.0.0.apk}], desiredCapabilities=Capabilities {appium:app: C:\code\AppiumFrameworkSurg..., appium:appWaitActivity: .ui.login.LoginActivity,.ui..., appium:automationName: UIAutomator2, appium:chromedriverExecutable: C:\code\AppiumFrameworkSurg..., appium:deviceName: samsung SM-T395, appium:ignoreHiddenApiPolicyError: true, appium:udid: 5200fa184e619579, platformName: ANDROID}}]
Capabilities {appium:app: C:\code\AppiumFrameworkSurg..., appium:appWaitActivity: .ui.login.LoginActivity,.ui..., appium:automationName: UIAutomator2, appium:chromedriverExecutable: C:\code\AppiumFrameworkSurg..., appium:deviceName: samsung SM-T395, appium:ignoreHiddenApiPolicyError: true, appium:udid: 5200fa184e619579, platformName: ANDROID}
at org.openqa.selenium.remote.ProtocolHandshake.createSession(ProtocolHandshake.java:140)
at io.appium.java_client.remote.AppiumProtocolHandshake.createSession(AppiumProtocolHandshake.java:133)
at io.appium.java_client.remote.AppiumProtocolHandshake.createSession(AppiumProtocolHandshake.java:102)
at io.appium.java_client.remote.AppiumCommandExecutor.createSession(AppiumCommandExecutor.java:194)
at io.appium.java_client.remote.AppiumCommandExecutor.execute(AppiumCommandExecutor.java:262)
at org.openqa.selenium.remote.RemoteWebDriver.execute(RemoteWebDriver.java:531)
at io.appium.java_client.AppiumDriver.startSession(AppiumDriver.java:229)
at org.openqa.selenium.remote.RemoteWebDriver.<init>(RemoteWebDriver.java:154)
at io.appium.java_client.AppiumDriver.<init>(AppiumDriver.java:80)
at io.appium.java_client.AppiumDriver.<init>(AppiumDriver.java:92)
at io.appium.java_client.android.AndroidDriver.<init>(AndroidDriver.java:117)
at org.meto.appium.base.TestBase.setup(TestBase.java:72)
... Removed 27 stack frames]]>
    </failure>
  </testcase> <!-- @BeforeSuite setup -->
  <testcase classname="org.meto.appium.tests.TFGuarantor" name="FillGuarantor" time="0.0">
    <skipped/>
  </testcase> <!-- FillGuarantor -->
</testsuite> <!-- Guarantor Test -->
