<?xml version="1.0" encoding="UTF-8"?>
<testsuite xmlns:xsi="http://www.w3.org/2001/XMLSchema-instance" xsi:noNamespaceSchemaLocation="https://maven.apache.org/surefire/maven-surefire-plugin/xsd/surefire-test-report-3.0.xsd" version="3.0" name="TestSuite" time="177.476" tests="22" errors="0" skipped="21" failures="1">
  <properties>
[...]
</properties>
  <testcase name="setup[org.testng.TestRunner@254f906e](0)" classname="org.meto.appium.tests.TFCustomerGuarantor" time="176.545">
    <failure message="Could not start a new session. Response code 500. Message: An unknown server-side error occurred while processing the command. Original error: Error executing adbExec. Original error: &apos;Command &apos;C:\\Users\\meto\\AppData\\Local\\Android\\Sdk\\platform-tools\\adb.exe -P 5037 -s 5200fa184e619579 install C:\\code\\AppiumFrameworkSurgir3//src//test//resources//app//Surgir_debug_5.0.0_Release5.0.0.apk&apos; timed out after 90000ms&apos;. Try to increase the 90000ms adb execution timeout represented by &apos;androidInstallTimeout&apos; capability &#10;Host info: host: &apos;PERU-METO&apos;, ip: &apos;10.6.116.101&apos;&#10;Build info: version: &apos;4.10.0&apos;, revision: &apos;c14d967899&apos;&#10;System info: os.name: &apos;Windows 11&apos;, os.arch: &apos;amd64&apos;, os.version: &apos;10.0&apos;, java.version: &apos;11.0.17&apos;&#10;Driver info: io.appium.java_client.android.AndroidDriver&#10;Command: [null, newSession {capabilities=[{appium:udid=5200fa184e619579, appium:ignoreHiddenApiPolicyError=true, appium:chromedriverExecutable=C:\code\AppiumFrameworkSurgir3//src//test//resources//driver//chromedriver, appium:appWaitActivity=.ui.login.LoginActivity,.ui.splash.SplashActivity, appium:deviceName=samsung SM-T395, platformName=ANDROID, appium:automationName=UIAutomator2, appium:app=C:\code\AppiumFrameworkSurgir3//src//test//resources//app//Surgir_debug_5.0.0_Release5.0.0.apk}], desiredCapabilities=Capabilities {appium:app: C:\code\AppiumFrameworkSurg..., appium:appWaitActivity: .ui.login.LoginActivity,.ui..., appium:automationName: UIAutomator2, appium:chromedriverExecutable: C:\code\AppiumFrameworkSurg..., appium:deviceName: samsung SM-T395, appium:ignoreHiddenApiPolicyError: true, appium:udid: 5200fa184e619579, platformName: ANDROID}}]&#10;Capabilities {appium:app: C:\code\AppiumFrameworkSurg..., appium:appWaitActivity: .ui.login.LoginActivity,.ui..., appium:automationName: UIAutomator2, appium:chromedriverExecutable: C:\code\AppiumFrameworkSurg..., appium:deviceName: samsung SM-T395, appium:ignoreHiddenApiPolicyError: true, appium:udid: 5200fa184e619579, platformName: ANDROID}" type="org.openqa.selenium.SessionNotCreatedException"><![CDATA[org.openqa.selenium.SessionNotCreatedException: 
Could not start a new session. Response code 500. Message: An unknown server-side error occurred while processing the command. Original error: Error executing adbExec. Original error: 'Command 'C:\\Users\\meto\\AppData\\Local\\Android\\Sdk\\platform-tools\\adb.exe -P 5037 -s 5200fa184e619579 install C:\\code\\AppiumFrameworkSurgir3//src//test//resources//app//Surgir_debug_5.0.0_Release5.0.0.apk' timed out after 90000ms'. Try to increase the 90000ms adb execution timeout represented by 'androidInstallTimeout' capability 
Host info: host: 'PERU-METO', ip: '10.6.116.101'
Build info: version: '4.10.0', revision: 'c14d967899'
System info: os.name: 'Windows 11', os.arch: 'amd64', os.version: '10.0', java.version: '11.0.17'
Driver info: io.appium.java_client.android.AndroidDriver
Command: [null, newSession {capabilities=[{appium:udid=5200fa184e619579, appium:ignoreHiddenApiPolicyError=true, appium:chromedriverExecutable=C:\code\AppiumFrameworkSurgir3//src//test//resources//driver//chromedriver, appium:appWaitActivity=.ui.login.LoginActivity,.ui.splash.SplashActivity, appium:deviceName=samsung SM-T395, platformName=ANDROID, appium:automationName=UIAutomator2, appium:app=C:\code\AppiumFrameworkSurgir3//src//test//resources//app//Surgir_debug_5.0.0_Release5.0.0.apk}], desiredCapabilities=Capabilities {appium:app: C:\code\AppiumFrameworkSurg..., appium:appWaitActivity: .ui.login.LoginActivity,.ui..., appium:automationName: UIAutomator2, appium:chromedriverExecutable: C:\code\AppiumFrameworkSurg..., appium:deviceName: samsung SM-T395, appium:ignoreHiddenApiPolicyError: true, appium:udid: 5200fa184e619579, platformName: ANDROID}}]
Capabilities {appium:app: C:\code\AppiumFrameworkSurg..., appium:appWaitActivity: .ui.login.LoginActivity,.ui..., appium:automationName: UIAutomator2, appium:chromedriverExecutable: C:\code\AppiumFrameworkSurg..., appium:deviceName: samsung SM-T395, appium:ignoreHiddenApiPolicyError: true, appium:udid: 5200fa184e619579, platformName: ANDROID}
	at org.openqa.selenium.remote.ProtocolHandshake.createSession(ProtocolHandshake.java:140)
	at java.base/jdk.internal.reflect.NativeMethodAccessorImpl.invoke0(Native Method)
	at java.base/jdk.internal.reflect.NativeMethodAccessorImpl.invoke(NativeMethodAccessorImpl.java:62)
	at java.base/jdk.internal.reflect.DelegatingMethodAccessorImpl.invoke(DelegatingMethodAccessorImpl.java:43)
	at java.base/java.lang.reflect.Method.invoke(Method.java:566)
	at io.appium.java_client.remote.AppiumProtocolHandshake.createSession(AppiumProtocolHandshake.java:133)
	at io.appium.java_client.remote.AppiumProtocolHandshake.createSession(AppiumProtocolHandshake.java:102)
	at io.appium.java_client.remote.AppiumCommandExecutor.createSession(AppiumCommandExecutor.java:194)
	at io.appium.java_client.remote.AppiumCommandExecutor.execute(AppiumCommandExecutor.java:262)
	at org.openqa.selenium.remote.RemoteWebDriver.execute(RemoteWebDriver.java:531)
	at io.appium.java_client.AppiumDriver.startSession(AppiumDriver.java:229)
	at org.openqa.selenium.remote.RemoteWebDriver.<init>(RemoteWebDriver.java:154)
	at io.appium.java_client.AppiumDriver.<init>(AppiumDriver.java:80)
	at io.appium.java_client.AppiumDriver.<init>(AppiumDriver.java:92)
	at io.appium.java_client.android.AndroidDriver.<init>(AndroidDriver.java:117)
	at org.meto.appium.base.TestBase.setup(TestBase.java:72)
	at java.base/jdk.internal.reflect.NativeMethodAccessorImpl.invoke0(Native Method)
	at java.base/jdk.internal.reflect.NativeMethodAccessorImpl.invoke(NativeMethodAccessorImpl.java:62)
	at java.base/jdk.internal.reflect.DelegatingMethodAccessorImpl.invoke(DelegatingMethodAccessorImpl.java:43)
	at java.base/java.lang.reflect.Method.invoke(Method.java:566)
	at org.testng.internal.invokers.MethodInvocationHelper.invokeMethod(MethodInvocationHelper.java:139)
	at org.testng.internal.invokers.MethodInvocationHelper.invokeMethodConsideringTimeout(MethodInvocationHelper.java:69)
	at org.testng.internal.invokers.ConfigInvoker.invokeConfigurationMethod(ConfigInvoker.java:361)
	at org.testng.internal.invokers.ConfigInvoker.invokeConfigurations(ConfigInvoker.java:296)
	at org.testng.SuiteRunner.privateRun(SuiteRunner.java:376)
	at org.testng.SuiteRunner.run(SuiteRunner.java:330)
	at org.testng.SuiteRunnerWorker.runSuite(SuiteRunnerWorker.java:52)
	at org.testng.SuiteRunnerWorker.run(SuiteRunnerWorker.java:95)
	at org.testng.TestNG.runSuitesSequentially(TestNG.java:1256)
	at org.testng.TestNG.runSuitesLocally(TestNG.java:1176)
	at org.testng.TestNG.runSuites(TestNG.java:1099)
	at org.testng.TestNG.run(TestNG.java:1067)
	at org.apache.maven.surefire.testng.TestNGExecutor.run(TestNGExecutor.java:308)
	at org.apache.maven.surefire.testng.TestNGXmlTestSuite.execute(TestNGXmlTestSuite.java:71)
	at org.apache.maven.surefire.testng.TestNGProvider.invoke(TestNGProvider.java:113)
	at org.apache.maven.surefire.booter.ForkedBooter.runSuitesInProcess(ForkedBooter.java:385)
	at org.apache.maven.surefire.booter.ForkedBooter.execute(ForkedBooter.java:162)
	at org.apache.maven.surefire.booter.ForkedBooter.run(ForkedBooter.java:507)
	at org.apache.maven.surefire.booter.ForkedBooter.main(ForkedBooter.java:495)
]]></failure>
    <system-err><![CDATA[SLF4J: No SLF4J providers were found.
SLF4J: Defaulting to no-operation (NOP) logger implementation
SLF4J: See https://www.slf4j.org/codes.html#noProviders for further details.
]]></system-err>
  </testcase>
  <testcase name="beforeMethod" classname="org.meto.appium.tests.TFCustomerGuarantor" time="0">
    <skipped/>
  </testcase>
  <testcase name="FillCustomerGuarantor" classname="org.meto.appium.tests.TFCustomerGuarantor" time="0">
    <skipped message="Could not start a new session. Response code 500. Message: An unknown server-side error occurred while processing the command. Original error: Error executing adbExec. Original error: &apos;Command &apos;C:\\Users\\meto\\AppData\\Local\\Android\\Sdk\\platform-tools\\adb.exe -P 5037 -s 5200fa184e619579 install C:\\code\\AppiumFrameworkSurgir3//src//test//resources//app//Surgir_debug_5.0.0_Release5.0.0.apk&apos; timed out after 90000ms&apos;. Try to increase the 90000ms adb execution timeout represented by &apos;androidInstallTimeout&apos; capability &#10;Host info: host: &apos;PERU-METO&apos;, ip: &apos;10.6.116.101&apos;&#10;Build info: version: &apos;4.10.0&apos;, revision: &apos;c14d967899&apos;&#10;System info: os.name: &apos;Windows 11&apos;, os.arch: &apos;amd64&apos;, os.version: &apos;10.0&apos;, java.version: &apos;11.0.17&apos;&#10;Driver info: io.appium.java_client.android.AndroidDriver&#10;Command: [null, newSession {capabilities=[{appium:udid=5200fa184e619579, appium:ignoreHiddenApiPolicyError=true, appium:chromedriverExecutable=C:\code\AppiumFrameworkSurgir3//src//test//resources//driver//chromedriver, appium:appWaitActivity=.ui.login.LoginActivity,.ui.splash.SplashActivity, appium:deviceName=samsung SM-T395, platformName=ANDROID, appium:automationName=UIAutomator2, appium:app=C:\code\AppiumFrameworkSurgir3//src//test//resources//app//Surgir_debug_5.0.0_Release5.0.0.apk}], desiredCapabilities=Capabilities {appium:app: C:\code\AppiumFrameworkSurg..., appium:appWaitActivity: .ui.login.LoginActivity,.ui..., appium:automationName: UIAutomator2, appium:chromedriverExecutable: C:\code\AppiumFrameworkSurg..., appium:deviceName: samsung SM-T395, appium:ignoreHiddenApiPolicyError: true, appium:udid: 5200fa184e619579, platformName: ANDROID}}]&#10;Capabilities {appium:app: C:\code\AppiumFrameworkSurg..., appium:appWaitActivity: .ui.login.LoginActivity,.ui..., appium:automationName: UIAutomator2, appium:chromedriverExecutable: C:\code\AppiumFrameworkSurg..., appium:deviceName: samsung SM-T395, appium:ignoreHiddenApiPolicyError: true, appium:udid: 5200fa184e619579, platformName: ANDROID}"/>
  </testcase>
  <testcase name="teardown" classname="org.meto.appium.tests.TFCustomerGuarantor" time="0">
    <skipped/>
  </testcase>
  <testcase name="beforeMethod" classname="org.meto.appium.tests.TFLogin" time="0">
    <skipped/>
  </testcase>
  <testcase name="FillForm" classname="org.meto.appium.tests.TFLogin" time="0">
    <skipped/>
  </testcase>
  <testcase name="beforeMethod" classname="org.meto.appium.tests.TFProspect" time="0">
    <skipped/>
  </testcase>
  <testcase name="FillProspect" classname="org.meto.appium.tests.TFProspect" time="0">
    <skipped/>
  </testcase>
  <testcase name="beforeMethod" classname="org.meto.appium.tests.TFCustomer" time="0">
    <skipped/>
  </testcase>
  <testcase name="FillCustomer" classname="org.meto.appium.tests.TFCustomer" time="0">
    <skipped/>
  </testcase>
  <testcase name="beforeMethod" classname="org.meto.appium.tests.TFBusiness" time="0">
    <skipped/>
  </testcase>
  <testcase name="FillBusiness" classname="org.meto.appium.tests.TFBusiness" time="0">
    <skipped/>
  </testcase>
  <testcase name="beforeMethod" classname="org.meto.appium.tests.TFRse" time="0">
    <skipped/>
  </testcase>
  <testcase name="FillRse" classname="org.meto.appium.tests.TFRse" time="0">
    <skipped/>
  </testcase>
  <testcase name="beforeMethod" classname="org.meto.appium.tests.TFProposal" time="0">
    <skipped/>
  </testcase>
  <testcase name="FillProposal" classname="org.meto.appium.tests.TFProposal" time="0">
    <skipped/>
  </testcase>
  <testcase name="beforeMethod" classname="org.meto.appium.tests.TFContract" time="0">
    <skipped/>
  </testcase>
  <testcase name="FillContract" classname="org.meto.appium.tests.TFContract" time="0">
    <skipped/>
  </testcase>
  <testcase name="beforeMethod" classname="org.meto.appium.tests.TFSignature" time="0">
    <skipped/>
  </testcase>
  <testcase name="FillSignature" classname="org.meto.appium.tests.TFSignature" time="0">
    <skipped/>
  </testcase>
  <testcase name="beforeMethod" classname="org.meto.appium.tests.TFGuarantor" time="0">
    <skipped/>
  </testcase>
  <testcase name="FillGuarantor" classname="org.meto.appium.tests.TFGuarantor" time="0">
    <skipped/>
  </testcase>
</testsuite>