<?xml version="1.0" encoding="UTF-8"?>
<!-- Generated by org.testng.reporters.JUnitXMLReporter -->
<testsuite ignored="0" hostname="PERU-METO" failures="1" tests="1" name="Guarantor Test" time="140.604" errors="0" timestamp="2023-06-21T20:24:14 COT">
  <testcase classname="org.meto.appium.tests.TFGuarantor" name="FillGuarantor" time="139.921">
    <failure type="org.openqa.selenium.NoSuchElementException" message="An element could not be located on the page using the given search parameters.
For documentation on this error, please visit: https://selenium.dev/exceptions/#no_such_element
Build info: version: &amp;apos;4.9.1&amp;apos;, revision: &amp;apos;eb2032df7f&amp;apos;
System info: os.name: &amp;apos;Windows 11&amp;apos;, os.arch: &amp;apos;amd64&amp;apos;, os.version: &amp;apos;10.0&amp;apos;, java.version: &amp;apos;11.0.17&amp;apos;
Driver info: io.appium.java_client.android.AndroidDriver
Command: [51a9d66a-dc61-452e-beef-be5341f7876b, findElement {using=-android uiautomator, value=new UiScrollable(new UiSelector().resourceId(&amp;quot;pe.com.surgir.surgirapp:id/atomicNumberDefinition&amp;quot;)).scrollIntoView(new UiSelector().textMatches(&amp;quot;Autorización de uso de datos personales&amp;quot;).instance(0))}]
Capabilities {appium:app: C:\code\AppiumFrameworkSurg..., appium:appPackage: pe.com.surgir.surgirapp, appium:appWaitActivity: .ui.login.LoginActivity,.ui..., appium:automationName: UIAutomator2, appium:chromedriverExecutable: C:\code\AppiumFrameworkSurg..., appium:databaseEnabled: false, appium:desired: {app: C:\code\AppiumFrameworkSurg..., appWaitActivity: .ui.login.LoginActivity,.ui..., automationName: UIAutomator2, chromedriverExecutable: C:\code\AppiumFrameworkSurg..., deviceName: samsung SM-T395, ignoreHiddenApiPolicyError: true, platformName: ANDROID, udid: 5200fa184e619579}, appium:deviceApiLevel: 28, appium:deviceManufacturer: samsung, appium:deviceModel: SM-T395, appium:deviceName: 5200fa184e619579, appium:deviceScreenDensity: 213, appium:deviceScreenSize: 800x1280, appium:deviceUDID: 5200fa184e619579, appium:ignoreHiddenApiPolicyError: true, appium:javascriptEnabled: true, appium:locationContextEnabled: false, appium:networkConnectionEnabled: true, appium:pixelRatio: 1.3312501, appium:platformVersion: 9, appium:statBarHeight: 32, appium:takesScreenshot: true, appium:udid: 5200fa184e619579, appium:viewportRect: {height: 1248, left: 0, top: 32, width: 800}, appium:warnings: {}, appium:webStorageEnabled: false, platformName: ANDROID}
Session ID: 51a9d66a-dc61-452e-beef-be5341f7876b">
      <![CDATA[org.openqa.selenium.NoSuchElementException: An element could not be located on the page using the given search parameters.
For documentation on this error, please visit: https://selenium.dev/exceptions/#no_such_element
Build info: version: '4.9.1', revision: 'eb2032df7f'
System info: os.name: 'Windows 11', os.arch: 'amd64', os.version: '10.0', java.version: '11.0.17'
Driver info: io.appium.java_client.android.AndroidDriver
Command: [51a9d66a-dc61-452e-beef-be5341f7876b, findElement {using=-android uiautomator, value=new UiScrollable(new UiSelector().resourceId("pe.com.surgir.surgirapp:id/atomicNumberDefinition")).scrollIntoView(new UiSelector().textMatches("Autorización de uso de datos personales").instance(0))}]
Capabilities {appium:app: C:\code\AppiumFrameworkSurg..., appium:appPackage: pe.com.surgir.surgirapp, appium:appWaitActivity: .ui.login.LoginActivity,.ui..., appium:automationName: UIAutomator2, appium:chromedriverExecutable: C:\code\AppiumFrameworkSurg..., appium:databaseEnabled: false, appium:desired: {app: C:\code\AppiumFrameworkSurg..., appWaitActivity: .ui.login.LoginActivity,.ui..., automationName: UIAutomator2, chromedriverExecutable: C:\code\AppiumFrameworkSurg..., deviceName: samsung SM-T395, ignoreHiddenApiPolicyError: true, platformName: ANDROID, udid: 5200fa184e619579}, appium:deviceApiLevel: 28, appium:deviceManufacturer: samsung, appium:deviceModel: SM-T395, appium:deviceName: 5200fa184e619579, appium:deviceScreenDensity: 213, appium:deviceScreenSize: 800x1280, appium:deviceUDID: 5200fa184e619579, appium:ignoreHiddenApiPolicyError: true, appium:javascriptEnabled: true, appium:locationContextEnabled: false, appium:networkConnectionEnabled: true, appium:pixelRatio: 1.3312501, appium:platformVersion: 9, appium:statBarHeight: 32, appium:takesScreenshot: true, appium:udid: 5200fa184e619579, appium:viewportRect: {height: 1248, left: 0, top: 32, width: 800}, appium:warnings: {}, appium:webStorageEnabled: false, platformName: ANDROID}
Session ID: 51a9d66a-dc61-452e-beef-be5341f7876b
at org.openqa.selenium.remote.codec.w3c.W3CHttpResponseCodec.createException(W3CHttpResponseCodec.java:200)
at org.openqa.selenium.remote.codec.w3c.W3CHttpResponseCodec.decode(W3CHttpResponseCodec.java:133)
at org.openqa.selenium.remote.codec.w3c.W3CHttpResponseCodec.decode(W3CHttpResponseCodec.java:53)
at org.openqa.selenium.remote.HttpCommandExecutor.execute(HttpCommandExecutor.java:193)
at io.appium.java_client.remote.AppiumCommandExecutor.execute(AppiumCommandExecutor.java:262)
at org.openqa.selenium.remote.RemoteWebDriver.execute(RemoteWebDriver.java:543)
at org.openqa.selenium.remote.ElementLocation$ElementFinder$2.findElement(ElementLocation.java:162)
at org.openqa.selenium.remote.ElementLocation.findElement(ElementLocation.java:60)
at org.openqa.selenium.remote.RemoteWebDriver.findElement(RemoteWebDriver.java:352)
at org.openqa.selenium.remote.RemoteWebDriver.findElement(RemoteWebDriver.java:344)
at org.meto.appium.utils.AndroidActionsGuarantor.scrolluseData(AndroidActionsGuarantor.java:38)
at org.meto.appium.pages.FormGuarantor.scrollData(FormGuarantor.java:195)
at org.meto.appium.tests.TFGuarantor.FillGuarantor(TFGuarantor.java:69)
at java.base/java.util.ArrayList.forEach(ArrayList.java:1541)
... Removed 31 stack frames]]>
    </failure>
  </testcase> <!-- FillGuarantor -->
</testsuite> <!-- Guarantor Test -->
