<!DOCTYPE html PUBLIC "-//W3C//DTD XHTML 1.1//EN" "https://www.w3.org/TR/xhtml11/DTD/xhtml11.dtd">
<html xmlns="https://www.w3.org/1999/xhtml">
<head>
<meta http-equiv="content-type" content="text/html; charset=UTF-8"/>
<title>TestNG Report</title>
<style type="text/css">table {margin-bottom:10px;border-collapse:collapse;empty-cells:show}th,td {border:1px solid #009;padding:.25em .5em}th {vertical-align:bottom}td {vertical-align:top}table a {font-weight:bold}.stripe td {background-color: #E6EBF9}.num {text-align:right}.passedodd td {background-color: #3F3}.passedeven td {background-color: #0A0}.skippedodd td {background-color: #DDD}.skippedeven td {background-color: #CCC}.failedodd td,.attn {background-color: #F33}.failedeven td,.stripe .attn {background-color: #D00}.stacktrace {white-space:pre;font-family:monospace}.totop {font-size:85%;text-align:center;border-bottom:2px solid #000}.invisible {display:none}</style>
</head>
<body>
<table>
<tr><th>Test</th><th># Passed</th><th># Skipped</th><th># Retried</th><th># Failed</th><th>Time (ms)</th><th>Included Groups</th><th>Excluded Groups</th></tr>
<tr><th colspan="8">Data Driven Basics</th></tr>
<tr><td><a href="#t0">App Manager Login Test</a></td><td class="num">1</td><td class="num">0</td><td class="num">0</td><td class="num">0</td><td class="num">21,223</td><td></td><td></td></tr>
<tr class="stripe"><td><a href="#t1">Prospect Test</a></td><td class="num">0</td><td class="num">0</td><td class="num">0</td><td class="num attn">1</td><td class="num">102,244</td><td></td><td></td></tr>
<tr><td><a href="#t2">Customer Test</a></td><td class="num">0</td><td class="num">0</td><td class="num">0</td><td class="num attn">1</td><td class="num">266,197</td><td></td><td></td></tr>
<tr class="stripe"><td><a href="#t3">Business Test</a></td><td class="num">1</td><td class="num">0</td><td class="num">0</td><td class="num">0</td><td class="num">28,210</td><td></td><td></td></tr>
<tr><td><a href="#t4">Rse Test</a></td><td class="num">1</td><td class="num">0</td><td class="num">0</td><td class="num">0</td><td class="num">185,524</td><td></td><td></td></tr>
<tr class="stripe"><td><a href="#t5">Proposal Test</a></td><td class="num">1</td><td class="num">0</td><td class="num">0</td><td class="num">0</td><td class="num">108,272</td><td></td><td></td></tr>
<tr><td><a href="#t6">Contract Test</a></td><td class="num">1</td><td class="num">0</td><td class="num">0</td><td class="num">0</td><td class="num">31,335</td><td></td><td></td></tr>
<tr class="stripe"><td><a href="#t7">Signature Test</a></td><td class="num">1</td><td class="num">0</td><td class="num">0</td><td class="num">0</td><td class="num">457,392</td><td></td><td></td></tr>
<tr><td><a href="#t8">Guarantor Test</a></td><td class="num">0</td><td class="num">0</td><td class="num">0</td><td class="num attn">1</td><td class="num">140,604</td><td></td><td></td></tr>
<tr class="stripe"><td><a href="#t9">Customer Guarantor Test</a></td><td class="num">0</td><td class="num">0</td><td class="num">0</td><td class="num attn">1</td><td class="num">51,357,643</td><td></td><td></td></tr>
<tr><th>Total</th><th class="num">6</th><th class="num">0</th><th class="num">0</th><th class="num attn">4</th><th class="num">52,698,644</th><th colspan="2"></th></tr>
</table>
<table id='summary'><thead><tr><th>Class</th><th>Method</th><th>Start</th><th>Time (ms)</th></tr></thead><tbody><tr><th colspan="4">Data Driven Basics</th></tr></tbody><tbody id="t0"><tr><th colspan="4">App Manager Login Test &#8212; passed</th></tr><tr class="passedeven"><td rowspan="1">org.meto.appium.tests.TFLogin</td><td><a href="#m0">FillForm</a></td><td rowspan="1">1687395713193</td><td rowspan="1">21170</td></tr></tbody>
<tbody id="t1"><tr><th colspan="4">Prospect Test &#8212; failed</th></tr><tr class="failedeven"><td rowspan="1">org.meto.appium.tests.TFProspect</td><td><a href="#m1">FillProspect</a></td><td rowspan="1">1687395734721</td><td rowspan="1">101456</td></tr></tbody>
<tbody id="t2"><tr><th colspan="4">Customer Test &#8212; failed</th></tr><tr class="failedeven"><td rowspan="1">org.meto.appium.tests.TFCustomer</td><td><a href="#m2">FillCustomer</a></td><td rowspan="1">1687395837012</td><td rowspan="1">265425</td></tr></tbody>
<tbody id="t3"><tr><th colspan="4">Business Test &#8212; passed</th></tr><tr class="passedeven"><td rowspan="1">org.meto.appium.tests.TFBusiness</td><td><a href="#m3">FillBusiness</a></td><td rowspan="1">1687396103264</td><td rowspan="1">28201</td></tr></tbody>
<tbody id="t4"><tr><th colspan="4">Rse Test &#8212; passed</th></tr><tr class="passedeven"><td rowspan="1">org.meto.appium.tests.TFRse</td><td><a href="#m4">FillRse</a></td><td rowspan="1">1687396131531</td><td rowspan="1">185513</td></tr></tbody>
<tbody id="t5"><tr><th colspan="4">Proposal Test &#8212; passed</th></tr><tr class="passedeven"><td rowspan="1">org.meto.appium.tests.TFProposal</td><td><a href="#m5">FillProposal</a></td><td rowspan="1">1687396317089</td><td rowspan="1">108264</td></tr></tbody>
<tbody id="t6"><tr><th colspan="4">Contract Test &#8212; passed</th></tr><tr class="passedeven"><td rowspan="1">org.meto.appium.tests.TFContract</td><td><a href="#m6">FillContract</a></td><td rowspan="1">1687396425396</td><td rowspan="1">31328</td></tr></tbody>
<tbody id="t7"><tr><th colspan="4">Signature Test &#8212; passed</th></tr><tr class="passedeven"><td rowspan="1">org.meto.appium.tests.TFSignature</td><td><a href="#m7">FillSignature</a></td><td rowspan="1">1687396456785</td><td rowspan="1">457373</td></tr></tbody>
<tbody id="t8"><tr><th colspan="4">Guarantor Test &#8212; failed</th></tr><tr class="failedeven"><td rowspan="1">org.meto.appium.tests.TFGuarantor</td><td><a href="#m8">FillGuarantor</a></td><td rowspan="1">1687396914212</td><td rowspan="1">139921</td></tr></tbody>
<tbody id="t9"><tr><th colspan="4">Customer Guarantor Test &#8212; failed (configuration methods)</th></tr><tr class="failedeven"><td rowspan="1">org.meto.appium.tests.TFCustomerGuarantor</td><td><a href="#m9">teardown</a></td><td rowspan="1">1687448412573</td><td rowspan="1">761</td></tr><tr><th colspan="4">Customer Guarantor Test &#8212; failed</th></tr><tr class="failedeven"><td rowspan="1">org.meto.appium.tests.TFCustomerGuarantor</td><td><a href="#m10">FillCustomerGuarantor</a></td><td rowspan="1">1687397054861</td><td rowspan="1">51357009</td></tr></tbody>
</table>
<h2>App Manager Login Test</h2><h3 id="m0">org.meto.appium.tests.TFLogin#FillForm</h3><table class="result"><tr><th class="invisible"/></tr></table><p class="totop"><a href="#summary">back to summary</a></p>
<h2>Prospect Test</h2><h3 id="m1">org.meto.appium.tests.TFProspect#FillProspect</h3><table class="result"><tr><th>Exception</th></tr><tr><td><div class="stacktrace">org.openqa.selenium.NoSuchElementException: An element could not be located on the page using the given search parameters.
For documentation on this error, please visit: https://selenium.dev/exceptions/#no_such_element
Build info: version: &apos;4.9.1&apos;, revision: &apos;eb2032df7f&apos;
System info: os.name: &apos;Windows 11&apos;, os.arch: &apos;amd64&apos;, os.version: &apos;10.0&apos;, java.version: &apos;11.0.17&apos;
Driver info: io.appium.java_client.android.AndroidDriver
Command: [51a9d66a-dc61-452e-beef-be5341f7876b, findElement {using=id, value=pe.com.surgir.surgirapp:id/id_segment}]
Capabilities {appium:app: C:\code\AppiumFrameworkSurg..., appium:appPackage: pe.com.surgir.surgirapp, appium:appWaitActivity: .ui.login.LoginActivity,.ui..., appium:automationName: UIAutomator2, appium:chromedriverExecutable: C:\code\AppiumFrameworkSurg..., appium:databaseEnabled: false, appium:desired: {app: C:\code\AppiumFrameworkSurg..., appWaitActivity: .ui.login.LoginActivity,.ui..., automationName: UIAutomator2, chromedriverExecutable: C:\code\AppiumFrameworkSurg..., deviceName: samsung SM-T395, ignoreHiddenApiPolicyError: true, platformName: ANDROID, udid: 5200fa184e619579}, appium:deviceApiLevel: 28, appium:deviceManufacturer: samsung, appium:deviceModel: SM-T395, appium:deviceName: 5200fa184e619579, appium:deviceScreenDensity: 213, appium:deviceScreenSize: 800x1280, appium:deviceUDID: 5200fa184e619579, appium:ignoreHiddenApiPolicyError: true, appium:javascriptEnabled: true, appium:locationContextEnabled: false, appium:networkConnectionEnabled: true, appium:pixelRatio: 1.3312501, appium:platformVersion: 9, appium:statBarHeight: 32, appium:takesScreenshot: true, appium:udid: 5200fa184e619579, appium:viewportRect: {height: 1248, left: 0, top: 32, width: 800}, appium:warnings: {}, appium:webStorageEnabled: false, platformName: ANDROID}
Session ID: 51a9d66a-dc61-452e-beef-be5341f7876b
	at org.openqa.selenium.remote.codec.w3c.W3CHttpResponseCodec.createException(W3CHttpResponseCodec.java:200)
	at org.openqa.selenium.remote.codec.w3c.W3CHttpResponseCodec.decode(W3CHttpResponseCodec.java:133)
	at org.openqa.selenium.remote.codec.w3c.W3CHttpResponseCodec.decode(W3CHttpResponseCodec.java:53)
	at org.openqa.selenium.remote.HttpCommandExecutor.execute(HttpCommandExecutor.java:193)
	at io.appium.java_client.remote.AppiumCommandExecutor.execute(AppiumCommandExecutor.java:262)
	at org.openqa.selenium.remote.RemoteWebDriver.execute(RemoteWebDriver.java:543)
	at org.openqa.selenium.remote.ElementLocation$ElementFinder$2.findElement(ElementLocation.java:162)
	at org.openqa.selenium.remote.ElementLocation.findElement(ElementLocation.java:66)
	at org.openqa.selenium.remote.RemoteWebDriver.findElement(RemoteWebDriver.java:352)
	at org.openqa.selenium.remote.RemoteWebDriver.findElement(RemoteWebDriver.java:344)
	at org.meto.appium.pages.FormProspect.bcontinuarValid(FormProspect.java:233)
	at org.meto.appium.tests.TFProspect.FillProspect(TFProspect.java:63)
	at java.base/java.util.ArrayList.forEach(ArrayList.java:1541)
... Removed 31 stack frames</div></td></tr></table><p class="totop"><a href="#summary">back to summary</a></p>
<h2>Customer Test</h2><h3 id="m2">org.meto.appium.tests.TFCustomer#FillCustomer</h3><table class="result"><tr><th>Exception</th></tr><tr><td><div class="stacktrace">org.openqa.selenium.InvalidElementStateException: Cannot perform TouchMove action at (400, 128)
Build info: version: &apos;4.9.1&apos;, revision: &apos;eb2032df7f&apos;
System info: os.name: &apos;Windows 11&apos;, os.arch: &apos;amd64&apos;, os.version: &apos;10.0&apos;, java.version: &apos;11.0.17&apos;
Driver info: io.appium.java_client.android.AndroidDriver
Command: [51a9d66a-dc61-452e-beef-be5341f7876b, performTouchAction {actions=[{action=press, options={x=400, y=512}}, {action=moveTo, options={x=400, y=128}}, {action=release, options={}}]}]
Capabilities {appium:app: C:\code\AppiumFrameworkSurg..., appium:appPackage: pe.com.surgir.surgirapp, appium:appWaitActivity: .ui.login.LoginActivity,.ui..., appium:automationName: UIAutomator2, appium:chromedriverExecutable: C:\code\AppiumFrameworkSurg..., appium:databaseEnabled: false, appium:desired: {app: C:\code\AppiumFrameworkSurg..., appWaitActivity: .ui.login.LoginActivity,.ui..., automationName: UIAutomator2, chromedriverExecutable: C:\code\AppiumFrameworkSurg..., deviceName: samsung SM-T395, ignoreHiddenApiPolicyError: true, platformName: ANDROID, udid: 5200fa184e619579}, appium:deviceApiLevel: 28, appium:deviceManufacturer: samsung, appium:deviceModel: SM-T395, appium:deviceName: 5200fa184e619579, appium:deviceScreenDensity: 213, appium:deviceScreenSize: 800x1280, appium:deviceUDID: 5200fa184e619579, appium:ignoreHiddenApiPolicyError: true, appium:javascriptEnabled: true, appium:locationContextEnabled: false, appium:networkConnectionEnabled: true, appium:pixelRatio: 1.3312501, appium:platformVersion: 9, appium:statBarHeight: 32, appium:takesScreenshot: true, appium:udid: 5200fa184e619579, appium:viewportRect: {height: 1248, left: 0, top: 32, width: 800}, appium:warnings: {}, appium:webStorageEnabled: false, platformName: ANDROID}
Session ID: 51a9d66a-dc61-452e-beef-be5341f7876b
	at org.openqa.selenium.remote.codec.w3c.W3CHttpResponseCodec.createException(W3CHttpResponseCodec.java:200)
	at org.openqa.selenium.remote.codec.w3c.W3CHttpResponseCodec.decode(W3CHttpResponseCodec.java:133)
	at org.openqa.selenium.remote.codec.w3c.W3CHttpResponseCodec.decode(W3CHttpResponseCodec.java:53)
	at org.openqa.selenium.remote.HttpCommandExecutor.execute(HttpCommandExecutor.java:193)
	at io.appium.java_client.remote.AppiumCommandExecutor.execute(AppiumCommandExecutor.java:262)
	at org.openqa.selenium.remote.RemoteWebDriver.execute(RemoteWebDriver.java:543)
	at org.openqa.selenium.remote.RemoteWebDriver.execute(RemoteWebDriver.java:598)
	at io.appium.java_client.AppiumDriver.execute(AppiumDriver.java:267)
	at io.appium.java_client.PerformsTouchActions.performTouchAction(PerformsTouchActions.java:54)
	at io.appium.java_client.TouchAction.perform(TouchAction.java:196)
	at org.meto.appium.utils.AndroidActions.swipeScreen(AndroidActions.java:742)
	at org.meto.appium.pages.FormCustomer.swipeScreenOneCustomer(FormCustomer.java:248)
	at org.meto.appium.tests.TFCustomer.FillCustomer(TFCustomer.java:84)
	at java.base/java.util.ArrayList.forEach(ArrayList.java:1541)
... Removed 31 stack frames</div></td></tr></table><p class="totop"><a href="#summary">back to summary</a></p>
<h2>Business Test</h2><h3 id="m3">org.meto.appium.tests.TFBusiness#FillBusiness</h3><table class="result"><tr><th class="invisible"/></tr></table><p class="totop"><a href="#summary">back to summary</a></p>
<h2>Rse Test</h2><h3 id="m4">org.meto.appium.tests.TFRse#FillRse</h3><table class="result"><tr><th class="invisible"/></tr></table><p class="totop"><a href="#summary">back to summary</a></p>
<h2>Proposal Test</h2><h3 id="m5">org.meto.appium.tests.TFProposal#FillProposal</h3><table class="result"><tr><th class="invisible"/></tr></table><p class="totop"><a href="#summary">back to summary</a></p>
<h2>Contract Test</h2><h3 id="m6">org.meto.appium.tests.TFContract#FillContract</h3><table class="result"><tr><th class="invisible"/></tr></table><p class="totop"><a href="#summary">back to summary</a></p>
<h2>Signature Test</h2><h3 id="m7">org.meto.appium.tests.TFSignature#FillSignature</h3><table class="result"><tr><th class="invisible"/></tr></table><p class="totop"><a href="#summary">back to summary</a></p>
<h2>Guarantor Test</h2><h3 id="m8">org.meto.appium.tests.TFGuarantor#FillGuarantor</h3><table class="result"><tr><th>Exception</th></tr><tr><td><div class="stacktrace">org.openqa.selenium.NoSuchElementException: An element could not be located on the page using the given search parameters.
For documentation on this error, please visit: https://selenium.dev/exceptions/#no_such_element
Build info: version: &apos;4.9.1&apos;, revision: &apos;eb2032df7f&apos;
System info: os.name: &apos;Windows 11&apos;, os.arch: &apos;amd64&apos;, os.version: &apos;10.0&apos;, java.version: &apos;11.0.17&apos;
Driver info: io.appium.java_client.android.AndroidDriver
Command: [51a9d66a-dc61-452e-beef-be5341f7876b, findElement {using=-android uiautomator, value=new UiScrollable(new UiSelector().resourceId(&quot;pe.com.surgir.surgirapp:id/atomicNumberDefinition&quot;)).scrollIntoView(new UiSelector().textMatches(&quot;Autorizaci√≥n de uso de datos personales&quot;).instance(0))}]
Capabilities {appium:app: C:\code\AppiumFrameworkSurg..., appium:appPackage: pe.com.surgir.surgirapp, appium:appWaitActivity: .ui.login.LoginActivity,.ui..., appium:automationName: UIAutomator2, appium:chromedriverExecutable: C:\code\AppiumFrameworkSurg..., appium:databaseEnabled: false, appium:desired: {app: C:\code\AppiumFrameworkSurg..., appWaitActivity: .ui.login.LoginActivity,.ui..., automationName: UIAutomator2, chromedriverExecutable: C:\code\AppiumFrameworkSurg..., deviceName: samsung SM-T395, ignoreHiddenApiPolicyError: true, platformName: ANDROID, udid: 5200fa184e619579}, appium:deviceApiLevel: 28, appium:deviceManufacturer: samsung, appium:deviceModel: SM-T395, appium:deviceName: 5200fa184e619579, appium:deviceScreenDensity: 213, appium:deviceScreenSize: 800x1280, appium:deviceUDID: 5200fa184e619579, appium:ignoreHiddenApiPolicyError: true, appium:javascriptEnabled: true, appium:locationContextEnabled: false, appium:networkConnectionEnabled: true, appium:pixelRatio: 1.3312501, appium:platformVersion: 9, appium:statBarHeight: 32, appium:takesScreenshot: true, appium:udid: 5200fa184e619579, appium:viewportRect: {height: 1248, left: 0, top: 32, width: 800}, appium:warnings: {}, appium:webStorageEnabled: false, platformName: ANDROID}
Session ID: 51a9d66a-dc61-452e-beef-be5341f7876b
	at org.openqa.selenium.remote.codec.w3c.W3CHttpResponseCodec.createException(W3CHttpResponseCodec.java:200)
	at org.openqa.selenium.remote.codec.w3c.W3CHttpResponseCodec.decode(W3CHttpResponseCodec.java:133)
	at org.openqa.selenium.remote.codec.w3c.W3CHttpResponseCodec.decode(W3CHttpResponseCodec.java:53)
	at org.openqa.selenium.remote.HttpCommandExecutor.execute(HttpCommandExecutor.java:193)
	at io.appium.java_client.remote.AppiumCommandExecutor.execute(AppiumCommandExecutor.java:262)
	at org.openqa.selenium.remote.RemoteWebDriver.execute(RemoteWebDriver.java:543)
	at org.openqa.selenium.remote.ElementLocation$ElementFinder$2.findElement(ElementLocation.java:162)
	at org.openqa.selenium.remote.ElementLocation.findElement(ElementLocation.java:60)
	at org.openqa.selenium.remote.RemoteWebDriver.findElement(RemoteWebDriver.java:352)
	at org.openqa.selenium.remote.RemoteWebDriver.findElement(RemoteWebDriver.java:344)
	at org.meto.appium.utils.AndroidActionsGuarantor.scrolluseData(AndroidActionsGuarantor.java:38)
	at org.meto.appium.pages.FormGuarantor.scrollData(FormGuarantor.java:195)
	at org.meto.appium.tests.TFGuarantor.FillGuarantor(TFGuarantor.java:69)
	at java.base/java.util.ArrayList.forEach(ArrayList.java:1541)
... Removed 31 stack frames</div></td></tr></table><p class="totop"><a href="#summary">back to summary</a></p>
<h2>Customer Guarantor Test</h2><h3 id="m9">org.meto.appium.tests.TFCustomerGuarantor#teardown</h3><table class="result"><tr><th>Exception</th></tr><tr><td><div class="stacktrace">java.lang.NullPointerException
	at org.meto.appium.base.TestBase.teardown(TestBase.java:88)
... Removed 19 stack frames</div></td></tr></table><p class="totop"><a href="#summary">back to summary</a></p>
<h3 id="m10">org.meto.appium.tests.TFCustomerGuarantor#FillCustomerGuarantor</h3><table class="result"><tr><th>Exception</th></tr><tr><td><div class="stacktrace">org.openqa.selenium.NoSuchElementException: Can&apos;t locate an element by this strategy: By.chained({By.xpath: //android.widget.EditText[@text=&apos;Grado de instruccion&apos;]})
	at io.appium.java_client.pagefactory.AppiumElementLocator.findElement(AppiumElementLocator.java:125)
	at org.openqa.selenium.support.pagefactory.internal.LocatingElementHandler.invoke(LocatingElementHandler.java:39)
	at com.sun.proxy.$Proxy21.click(Unknown Source)
	at org.meto.appium.pages.FormCustomerGuarantor.gradoInstruccion(FormCustomerGuarantor.java:248)
	at org.meto.appium.tests.TFCustomerGuarantor.FillCustomerGuarantor(TFCustomerGuarantor.java:61)
	at java.base/java.util.ArrayList.forEach(ArrayList.java:1541)
Caused by: org.openqa.selenium.TimeoutException: Expected condition failed: waiting for io.appium.java_client.pagefactory.AppiumElementLocator$WaitingFunction@b889cb6 (tried for 5000 second(s) with 500 milliseconds interval)
	at org.openqa.selenium.support.ui.FluentWait.timeoutException(FluentWait.java:263)
	at org.openqa.selenium.support.ui.FluentWait.until(FluentWait.java:231)
	at io.appium.java_client.pagefactory.AppiumElementLocator.waitFor(AppiumElementLocator.java:98)
	at io.appium.java_client.pagefactory.AppiumElementLocator.findElement(AppiumElementLocator.java:118)
	... 32 more
Caused by: org.openqa.selenium.NoSuchElementException: Cannot locate an element using By.chained({By.xpath: //android.widget.EditText[@text=&apos;Grado de instruccion&apos;]})
For documentation on this error, please visit: https://selenium.dev/exceptions/#no_such_element
Build info: version: &apos;4.9.1&apos;, revision: &apos;eb2032df7f&apos;
System info: os.name: &apos;Windows 11&apos;, os.arch: &apos;amd64&apos;, os.version: &apos;10.0&apos;, java.version: &apos;11.0.17&apos;
Driver info: driver.version: RemoteWebDriver
	at io.appium.java_client.pagefactory.bys.builder.ByChained.findElement(ByChained.java:77)
	at org.openqa.selenium.remote.ElementLocation$ElementFinder$1.findElement(ElementLocation.java:136)
	at org.openqa.selenium.remote.ElementLocation.findElement(ElementLocation.java:60)
	at org.openqa.selenium.remote.RemoteWebDriver.findElement(RemoteWebDriver.java:352)
	at org.openqa.selenium.remote.RemoteWebDriver.findElement(RemoteWebDriver.java:344)
	at io.appium.java_client.pagefactory.bys.ContentMappedBy.findElement(ContentMappedBy.java:50)
	at org.openqa.selenium.remote.ElementLocation$ElementFinder$1.findElement(ElementLocation.java:136)
	at org.openqa.selenium.remote.ElementLocation.findElement(ElementLocation.java:60)
	at org.openqa.selenium.remote.RemoteWebDriver.findElement(RemoteWebDriver.java:352)
	at org.openqa.selenium.remote.RemoteWebDriver.findElement(RemoteWebDriver.java:344)
	at io.appium.java_client.pagefactory.AppiumElementLocator.lambda$findElement$0(AppiumElementLocator.java:119)
	at io.appium.java_client.pagefactory.AppiumElementLocator$WaitingFunction.apply(AppiumElementLocator.java:171)
	at io.appium.java_client.pagefactory.AppiumElementLocator$WaitingFunction.apply(AppiumElementLocator.java:164)
	at org.openqa.selenium.support.ui.FluentWait.until(FluentWait.java:208)
	... 34 more
... Removed 27 stack frames</div></td></tr></table><p class="totop"><a href="#summary">back to summary</a></p>
</body>
</html>
