<!DOCTYPE html>

<html>
  <head>
  <meta charset='utf-8'>
  <title>TestNG reports</title>

    <link type="text/css" href="testng-reports1.css" rel="stylesheet" id="ultra" />
    <link type="text/css" href="testng-reports.css" rel="stylesheet" id="retro" disabled="false"/>
    <script type="text/javascript" src="jquery-3.6.0.min.js"></script>
    <script type="text/javascript" src="testng-reports.js"></script>
    <script type="text/javascript" src="https://www.google.com/jsapi"></script>
    <script type='text/javascript'>
      google.load('visualization', '1', {packages:['table']});
      google.setOnLoadCallback(drawTable);
      var suiteTableInitFunctions = new Array();
      var suiteTableData = new Array();
    </script>
    <!--
      <script type="text/javascript" src="jquery-ui/js/jquery-ui-1.8.16.custom.min.js"></script>
     -->
  </head>

  <body>    <div class="top-banner-root">
      <span class="top-banner-title-font">Test results</span>
      <button id="button" class="button">Switch Retro Theme</button> <!-- button -->
      <br/>
      <span class="top-banner-font-1">1 suite, 4 failed tests</span>
    </div> <!-- top-banner-root -->
    <div class="navigator-root">
      <div class="navigator-suite-header">
        <span>All suites</span>
        <a href="#" title="Collapse/expand all the suites" class="collapse-all-link">
          <img src="collapseall.gif" class="collapse-all-icon">
          </img> <!-- collapse-all-icon -->
        </a> <!-- collapse-all-link -->
      </div> <!-- navigator-suite-header -->
      <div class="suite">
        <div class="rounded-window">
          <div class="suite-header light-rounded-window-top">
            <a href="#" panel-name="suite-Data_Driven_Basics" class="navigator-link">
              <span class="suite-name border-failed">Data Driven Basics</span>
            </a> <!-- navigator-link -->
          </div> <!-- suite-header light-rounded-window-top -->
          <div class="navigator-suite-content">
            <div class="suite-section-title">
              <span>Info</span>
            </div> <!-- suite-section-title -->
            <div class="suite-section-content">
              <ul>
                <li>
                  <a href="#" panel-name="test-xml-Data_Driven_Basics" class="navigator-link ">
                    <span>C:\code\AppiumFrameworkSurgir3\src\test\resources\runners\testng.xml</span>
                  </a> <!-- navigator-link  -->
                </li>
                <li>
                  <a href="#" panel-name="testlist-Data_Driven_Basics" class="navigator-link ">
                    <span class="test-stats">10 tests</span>
                  </a> <!-- navigator-link  -->
                </li>
                <li>
                  <a href="#" panel-name="group-Data_Driven_Basics" class="navigator-link ">
                    <span>0 groups</span>
                  </a> <!-- navigator-link  -->
                </li>
                <li>
                  <a href="#" panel-name="times-Data_Driven_Basics" class="navigator-link ">
                    <span>Times</span>
                  </a> <!-- navigator-link  -->
                </li>
                <li>
                  <a href="#" panel-name="reporter-Data_Driven_Basics" class="navigator-link ">
                    <span>Reporter output</span>
                  </a> <!-- navigator-link  -->
                </li>
                <li>
                  <a href="#" panel-name="ignored-methods-Data_Driven_Basics" class="navigator-link ">
                    <span>Ignored methods</span>
                  </a> <!-- navigator-link  -->
                </li>
                <li>
                  <a href="#" panel-name="chronological-Data_Driven_Basics" class="navigator-link ">
                    <span>Chronological view</span>
                  </a> <!-- navigator-link  -->
                </li>
              </ul>
            </div> <!-- suite-section-content -->
            <div class="result-section">
              <div class="suite-section-title">
                <span>Results</span>
              </div> <!-- suite-section-title -->
              <div class="suite-section-content">
                <ul>
                  <li>
                    <span class="method-stats">10 methods, 4 failed,   6 passed</span>
                  </li>
                  <li>
                    <span class="method-list-title failed">Failed methods</span>
                    <span class="show-or-hide-methods failed">
                      <a href="#" panel-name="suite-Data_Driven_Basics" class="hide-methods failed suite-Data_Driven_Basics"> (hide)</a> <!-- hide-methods failed suite-Data_Driven_Basics -->
                      <a href="#" panel-name="suite-Data_Driven_Basics" class="show-methods failed suite-Data_Driven_Basics"> (show)</a> <!-- show-methods failed suite-Data_Driven_Basics -->
                    </span>
                    <div class="method-list-content failed suite-Data_Driven_Basics">
                      <span>
                        <img src="failed.png" width="3%"/>
                        <a href="#" panel-name="suite-Data_Driven_Basics" title="org.meto.appium.tests.TFCustomer" class="method navigator-link" hash-for-method="FillCustomer">FillCustomer</a> <!-- method navigator-link -->
                      </span>
                      <br/>
                      <span>
                        <img src="failed.png" width="3%"/>
                        <a href="#" panel-name="suite-Data_Driven_Basics" title="org.meto.appium.tests.TFCustomerGuarantor" class="method navigator-link" hash-for-method="FillCustomerGuarantor">FillCustomerGuarantor</a> <!-- method navigator-link -->
                      </span>
                      <br/>
                      <span>
                        <img src="failed.png" width="3%"/>
                        <a href="#" panel-name="suite-Data_Driven_Basics" title="org.meto.appium.tests.TFGuarantor" class="method navigator-link" hash-for-method="FillGuarantor">FillGuarantor</a> <!-- method navigator-link -->
                      </span>
                      <br/>
                      <span>
                        <img src="failed.png" width="3%"/>
                        <a href="#" panel-name="suite-Data_Driven_Basics" title="org.meto.appium.tests.TFProspect" class="method navigator-link" hash-for-method="FillProspect">FillProspect</a> <!-- method navigator-link -->
                      </span>
                      <br/>
                    </div> <!-- method-list-content failed suite-Data_Driven_Basics -->
                  </li>
                  <li>
                    <span class="method-list-title passed">Passed methods</span>
                    <span class="show-or-hide-methods passed">
                      <a href="#" panel-name="suite-Data_Driven_Basics" class="hide-methods passed suite-Data_Driven_Basics"> (hide)</a> <!-- hide-methods passed suite-Data_Driven_Basics -->
                      <a href="#" panel-name="suite-Data_Driven_Basics" class="show-methods passed suite-Data_Driven_Basics"> (show)</a> <!-- show-methods passed suite-Data_Driven_Basics -->
                    </span>
                    <div class="method-list-content passed suite-Data_Driven_Basics">
                      <span>
                        <img src="passed.png" width="3%"/>
                        <a href="#" panel-name="suite-Data_Driven_Basics" title="org.meto.appium.tests.TFBusiness" class="method navigator-link" hash-for-method="FillBusiness">FillBusiness</a> <!-- method navigator-link -->
                      </span>
                      <br/>
                      <span>
                        <img src="passed.png" width="3%"/>
                        <a href="#" panel-name="suite-Data_Driven_Basics" title="org.meto.appium.tests.TFContract" class="method navigator-link" hash-for-method="FillContract">FillContract</a> <!-- method navigator-link -->
                      </span>
                      <br/>
                      <span>
                        <img src="passed.png" width="3%"/>
                        <a href="#" panel-name="suite-Data_Driven_Basics" title="org.meto.appium.tests.TFLogin" class="method navigator-link" hash-for-method="FillForm">FillForm</a> <!-- method navigator-link -->
                      </span>
                      <br/>
                      <span>
                        <img src="passed.png" width="3%"/>
                        <a href="#" panel-name="suite-Data_Driven_Basics" title="org.meto.appium.tests.TFProposal" class="method navigator-link" hash-for-method="FillProposal">FillProposal</a> <!-- method navigator-link -->
                      </span>
                      <br/>
                      <span>
                        <img src="passed.png" width="3%"/>
                        <a href="#" panel-name="suite-Data_Driven_Basics" title="org.meto.appium.tests.TFRse" class="method navigator-link" hash-for-method="FillRse">FillRse</a> <!-- method navigator-link -->
                      </span>
                      <br/>
                      <span>
                        <img src="passed.png" width="3%"/>
                        <a href="#" panel-name="suite-Data_Driven_Basics" title="org.meto.appium.tests.TFSignature" class="method navigator-link" hash-for-method="FillSignature">FillSignature</a> <!-- method navigator-link -->
                      </span>
                      <br/>
                    </div> <!-- method-list-content passed suite-Data_Driven_Basics -->
                  </li>
                </ul>
              </div> <!-- suite-section-content -->
            </div> <!-- result-section -->
          </div> <!-- navigator-suite-content -->
        </div> <!-- rounded-window -->
      </div> <!-- suite -->
    </div> <!-- navigator-root -->
    <div class="wrapper">
      <div class="main-panel-root">
        <div panel-name="suite-Data_Driven_Basics" class="panel Data_Driven_Basics">
          <div class="suite-Data_Driven_Basics-class-failed">
            <div class="main-panel-header rounded-window-top">
              <img src="failed.png"/>
              <span class="class-name">org.meto.appium.tests.TFCustomer</span>
            </div> <!-- main-panel-header rounded-window-top -->
            <div class="main-panel-content rounded-window-bottom">
              <div class="method">
                <div class="method-content">
                  <a name="FillCustomer">
                  </a> <!-- FillCustomer -->
                  <span class="method-name">FillCustomer</span>
                  <div class="stack-trace">org.openqa.selenium.InvalidElementStateException: Cannot perform TouchMove action at (400, 128)
Build info: version: &apos;4.9.1&apos;, revision: &apos;eb2032df7f&apos;
System info: os.name: &apos;Windows 11&apos;, os.arch: &apos;amd64&apos;, os.version: &apos;10.0&apos;, java.version: &apos;11.0.17&apos;
Driver info: io.appium.java_client.android.AndroidDriver
Command: [51a9d66a-dc61-452e-beef-be5341f7876b, performTouchAction {actions=[{action=press, options={x=400, y=512}}, {action=moveTo, options={x=400, y=128}}, {action=release, options={}}]}]
Capabilities {appium:app: C:\code\AppiumFrameworkSurg..., appium:appPackage: pe.com.surgir.surgirapp, appium:appWaitActivity: .ui.login.LoginActivity,.ui..., appium:automationName: UIAutomator2, appium:chromedriverExecutable: C:\code\AppiumFrameworkSurg..., appium:databaseEnabled: false, appium:desired: {app: C:\code\AppiumFrameworkSurg..., appWaitActivity: .ui.login.LoginActivity,.ui..., automationName: UIAutomator2, chromedriverExecutable: C:\code\AppiumFrameworkSurg..., deviceName: samsung SM-T395, ignoreHiddenApiPolicyError: true, platformName: ANDROID, udid: 5200fa184e619579}, appium:deviceApiLevel: 28, appium:deviceManufacturer: samsung, appium:deviceModel: SM-T395, appium:deviceName: 5200fa184e619579, appium:deviceScreenDensity: 213, appium:deviceScreenSize: 800x1280, appium:deviceUDID: 5200fa184e619579, appium:ignoreHiddenApiPolicyError: true, appium:javascriptEnabled: true, appium:locationContextEnabled: false, appium:networkConnectionEnabled: true, appium:pixelRatio: 1.3312501, appium:platformVersion: 9, appium:statBarHeight: 32, appium:takesScreenshot: true, appium:udid: 5200fa184e619579, appium:viewportRect: {height: 1248, left: 0, top: 32, width: 800}, appium:warnings: {}, appium:webStorageEnabled: false, platformName: ANDROID}
Session ID: 51a9d66a-dc61-452e-beef-be5341f7876b
	at org.openqa.selenium.remote.codec.w3c.W3CHttpResponseCodec.createException(W3CHttpResponseCodec.java:200)
	at org.openqa.selenium.remote.codec.w3c.W3CHttpResponseCodec.decode(W3CHttpResponseCodec.java:133)
	at org.openqa.selenium.remote.codec.w3c.W3CHttpResponseCodec.decode(W3CHttpResponseCodec.java:53)
	at org.openqa.selenium.remote.HttpCommandExecutor.execute(HttpCommandExecutor.java:193)
	at io.appium.java_client.remote.AppiumCommandExecutor.execute(AppiumCommandExecutor.java:262)
	at org.openqa.selenium.remote.RemoteWebDriver.execute(RemoteWebDriver.java:543)
	at org.openqa.selenium.remote.RemoteWebDriver.execute(RemoteWebDriver.java:598)
	at io.appium.java_client.AppiumDriver.execute(AppiumDriver.java:267)
	at io.appium.java_client.PerformsTouchActions.performTouchAction(PerformsTouchActions.java:54)
	at io.appium.java_client.TouchAction.perform(TouchAction.java:196)
	at org.meto.appium.utils.AndroidActions.swipeScreen(AndroidActions.java:742)
	at org.meto.appium.pages.FormCustomer.swipeScreenOneCustomer(FormCustomer.java:248)
	at org.meto.appium.tests.TFCustomer.FillCustomer(TFCustomer.java:84)
	at java.base/java.util.ArrayList.forEach(ArrayList.java:1541)
... Removed 31 stack frames
</div> <!-- stack-trace -->
                </div> <!-- method-content -->
              </div> <!-- method -->
            </div> <!-- main-panel-content rounded-window-bottom -->
          </div> <!-- suite-Data_Driven_Basics-class-failed -->
          <div class="suite-Data_Driven_Basics-class-failed">
            <div class="main-panel-header rounded-window-top">
              <img src="failed.png"/>
              <span class="class-name">org.meto.appium.tests.TFCustomerGuarantor</span>
            </div> <!-- main-panel-header rounded-window-top -->
            <div class="main-panel-content rounded-window-bottom">
              <div class="method">
                <div class="method-content">
                  <a name="FillCustomerGuarantor">
                  </a> <!-- FillCustomerGuarantor -->
                  <span class="method-name">FillCustomerGuarantor</span>
                  <div class="stack-trace">org.openqa.selenium.NoSuchElementException: Can&apos;t locate an element by this strategy: By.chained({By.xpath: //android.widget.EditText[@text=&apos;Grado de instruccion&apos;]})
	at io.appium.java_client.pagefactory.AppiumElementLocator.findElement(AppiumElementLocator.java:125)
	at org.openqa.selenium.support.pagefactory.internal.LocatingElementHandler.invoke(LocatingElementHandler.java:39)
	at com.sun.proxy.$Proxy21.click(Unknown Source)
	at org.meto.appium.pages.FormCustomerGuarantor.gradoInstruccion(FormCustomerGuarantor.java:248)
	at org.meto.appium.tests.TFCustomerGuarantor.FillCustomerGuarantor(TFCustomerGuarantor.java:61)
	at java.base/java.util.ArrayList.forEach(ArrayList.java:1541)
Caused by: org.openqa.selenium.TimeoutException: Expected condition failed: waiting for io.appium.java_client.pagefactory.AppiumElementLocator$WaitingFunction@b889cb6 (tried for 5000 second(s) with 500 milliseconds interval)
	at org.openqa.selenium.support.ui.FluentWait.timeoutException(FluentWait.java:263)
	at org.openqa.selenium.support.ui.FluentWait.until(FluentWait.java:231)
	at io.appium.java_client.pagefactory.AppiumElementLocator.waitFor(AppiumElementLocator.java:98)
	at io.appium.java_client.pagefactory.AppiumElementLocator.findElement(AppiumElementLocator.java:118)
	... 32 more
Caused by: org.openqa.selenium.NoSuchElementException: Cannot locate an element using By.chained({By.xpath: //android.widget.EditText[@text=&apos;Grado de instruccion&apos;]})
For documentation on this error, please visit: https://selenium.dev/exceptions/#no_such_element
Build info: version: &apos;4.9.1&apos;, revision: &apos;eb2032df7f&apos;
System info: os.name: &apos;Windows 11&apos;, os.arch: &apos;amd64&apos;, os.version: &apos;10.0&apos;, java.version: &apos;11.0.17&apos;
Driver info: driver.version: RemoteWebDriver
	at io.appium.java_client.pagefactory.bys.builder.ByChained.findElement(ByChained.java:77)
	at org.openqa.selenium.remote.ElementLocation$ElementFinder$1.findElement(ElementLocation.java:136)
	at org.openqa.selenium.remote.ElementLocation.findElement(ElementLocation.java:60)
	at org.openqa.selenium.remote.RemoteWebDriver.findElement(RemoteWebDriver.java:352)
	at org.openqa.selenium.remote.RemoteWebDriver.findElement(RemoteWebDriver.java:344)
	at io.appium.java_client.pagefactory.bys.ContentMappedBy.findElement(ContentMappedBy.java:50)
	at org.openqa.selenium.remote.ElementLocation$ElementFinder$1.findElement(ElementLocation.java:136)
	at org.openqa.selenium.remote.ElementLocation.findElement(ElementLocation.java:60)
	at org.openqa.selenium.remote.RemoteWebDriver.findElement(RemoteWebDriver.java:352)
	at org.openqa.selenium.remote.RemoteWebDriver.findElement(RemoteWebDriver.java:344)
	at io.appium.java_client.pagefactory.AppiumElementLocator.lambda$findElement$0(AppiumElementLocator.java:119)
	at io.appium.java_client.pagefactory.AppiumElementLocator$WaitingFunction.apply(AppiumElementLocator.java:171)
	at io.appium.java_client.pagefactory.AppiumElementLocator$WaitingFunction.apply(AppiumElementLocator.java:164)
	at org.openqa.selenium.support.ui.FluentWait.until(FluentWait.java:208)
	... 34 more
... Removed 27 stack frames
</div> <!-- stack-trace -->
                </div> <!-- method-content -->
              </div> <!-- method -->
            </div> <!-- main-panel-content rounded-window-bottom -->
          </div> <!-- suite-Data_Driven_Basics-class-failed -->
          <div class="suite-Data_Driven_Basics-class-failed">
            <div class="main-panel-header rounded-window-top">
              <img src="failed.png"/>
              <span class="class-name">org.meto.appium.tests.TFGuarantor</span>
            </div> <!-- main-panel-header rounded-window-top -->
            <div class="main-panel-content rounded-window-bottom">
              <div class="method">
                <div class="method-content">
                  <a name="FillGuarantor">
                  </a> <!-- FillGuarantor -->
                  <span class="method-name">FillGuarantor</span>
                  <div class="stack-trace">org.openqa.selenium.NoSuchElementException: An element could not be located on the page using the given search parameters.
For documentation on this error, please visit: https://selenium.dev/exceptions/#no_such_element
Build info: version: &apos;4.9.1&apos;, revision: &apos;eb2032df7f&apos;
System info: os.name: &apos;Windows 11&apos;, os.arch: &apos;amd64&apos;, os.version: &apos;10.0&apos;, java.version: &apos;11.0.17&apos;
Driver info: io.appium.java_client.android.AndroidDriver
Command: [51a9d66a-dc61-452e-beef-be5341f7876b, findElement {using=-android uiautomator, value=new UiScrollable(new UiSelector().resourceId(&quot;pe.com.surgir.surgirapp:id/atomicNumberDefinition&quot;)).scrollIntoView(new UiSelector().textMatches(&quot;Autorizaci√≥n de uso de datos personales&quot;).instance(0))}]
Capabilities {appium:app: C:\code\AppiumFrameworkSurg..., appium:appPackage: pe.com.surgir.surgirapp, appium:appWaitActivity: .ui.login.LoginActivity,.ui..., appium:automationName: UIAutomator2, appium:chromedriverExecutable: C:\code\AppiumFrameworkSurg..., appium:databaseEnabled: false, appium:desired: {app: C:\code\AppiumFrameworkSurg..., appWaitActivity: .ui.login.LoginActivity,.ui..., automationName: UIAutomator2, chromedriverExecutable: C:\code\AppiumFrameworkSurg..., deviceName: samsung SM-T395, ignoreHiddenApiPolicyError: true, platformName: ANDROID, udid: 5200fa184e619579}, appium:deviceApiLevel: 28, appium:deviceManufacturer: samsung, appium:deviceModel: SM-T395, appium:deviceName: 5200fa184e619579, appium:deviceScreenDensity: 213, appium:deviceScreenSize: 800x1280, appium:deviceUDID: 5200fa184e619579, appium:ignoreHiddenApiPolicyError: true, appium:javascriptEnabled: true, appium:locationContextEnabled: false, appium:networkConnectionEnabled: true, appium:pixelRatio: 1.3312501, appium:platformVersion: 9, appium:statBarHeight: 32, appium:takesScreenshot: true, appium:udid: 5200fa184e619579, appium:viewportRect: {height: 1248, left: 0, top: 32, width: 800}, appium:warnings: {}, appium:webStorageEnabled: false, platformName: ANDROID}
Session ID: 51a9d66a-dc61-452e-beef-be5341f7876b
	at org.openqa.selenium.remote.codec.w3c.W3CHttpResponseCodec.createException(W3CHttpResponseCodec.java:200)
	at org.openqa.selenium.remote.codec.w3c.W3CHttpResponseCodec.decode(W3CHttpResponseCodec.java:133)
	at org.openqa.selenium.remote.codec.w3c.W3CHttpResponseCodec.decode(W3CHttpResponseCodec.java:53)
	at org.openqa.selenium.remote.HttpCommandExecutor.execute(HttpCommandExecutor.java:193)
	at io.appium.java_client.remote.AppiumCommandExecutor.execute(AppiumCommandExecutor.java:262)
	at org.openqa.selenium.remote.RemoteWebDriver.execute(RemoteWebDriver.java:543)
	at org.openqa.selenium.remote.ElementLocation$ElementFinder$2.findElement(ElementLocation.java:162)
	at org.openqa.selenium.remote.ElementLocation.findElement(ElementLocation.java:60)
	at org.openqa.selenium.remote.RemoteWebDriver.findElement(RemoteWebDriver.java:352)
	at org.openqa.selenium.remote.RemoteWebDriver.findElement(RemoteWebDriver.java:344)
	at org.meto.appium.utils.AndroidActionsGuarantor.scrolluseData(AndroidActionsGuarantor.java:38)
	at org.meto.appium.pages.FormGuarantor.scrollData(FormGuarantor.java:195)
	at org.meto.appium.tests.TFGuarantor.FillGuarantor(TFGuarantor.java:69)
	at java.base/java.util.ArrayList.forEach(ArrayList.java:1541)
... Removed 31 stack frames
</div> <!-- stack-trace -->
                </div> <!-- method-content -->
              </div> <!-- method -->
            </div> <!-- main-panel-content rounded-window-bottom -->
          </div> <!-- suite-Data_Driven_Basics-class-failed -->
          <div class="suite-Data_Driven_Basics-class-failed">
            <div class="main-panel-header rounded-window-top">
              <img src="failed.png"/>
              <span class="class-name">org.meto.appium.tests.TFProspect</span>
            </div> <!-- main-panel-header rounded-window-top -->
            <div class="main-panel-content rounded-window-bottom">
              <div class="method">
                <div class="method-content">
                  <a name="FillProspect">
                  </a> <!-- FillProspect -->
                  <span class="method-name">FillProspect</span>
                  <div class="stack-trace">org.openqa.selenium.NoSuchElementException: An element could not be located on the page using the given search parameters.
For documentation on this error, please visit: https://selenium.dev/exceptions/#no_such_element
Build info: version: &apos;4.9.1&apos;, revision: &apos;eb2032df7f&apos;
System info: os.name: &apos;Windows 11&apos;, os.arch: &apos;amd64&apos;, os.version: &apos;10.0&apos;, java.version: &apos;11.0.17&apos;
Driver info: io.appium.java_client.android.AndroidDriver
Command: [51a9d66a-dc61-452e-beef-be5341f7876b, findElement {using=id, value=pe.com.surgir.surgirapp:id/id_segment}]
Capabilities {appium:app: C:\code\AppiumFrameworkSurg..., appium:appPackage: pe.com.surgir.surgirapp, appium:appWaitActivity: .ui.login.LoginActivity,.ui..., appium:automationName: UIAutomator2, appium:chromedriverExecutable: C:\code\AppiumFrameworkSurg..., appium:databaseEnabled: false, appium:desired: {app: C:\code\AppiumFrameworkSurg..., appWaitActivity: .ui.login.LoginActivity,.ui..., automationName: UIAutomator2, chromedriverExecutable: C:\code\AppiumFrameworkSurg..., deviceName: samsung SM-T395, ignoreHiddenApiPolicyError: true, platformName: ANDROID, udid: 5200fa184e619579}, appium:deviceApiLevel: 28, appium:deviceManufacturer: samsung, appium:deviceModel: SM-T395, appium:deviceName: 5200fa184e619579, appium:deviceScreenDensity: 213, appium:deviceScreenSize: 800x1280, appium:deviceUDID: 5200fa184e619579, appium:ignoreHiddenApiPolicyError: true, appium:javascriptEnabled: true, appium:locationContextEnabled: false, appium:networkConnectionEnabled: true, appium:pixelRatio: 1.3312501, appium:platformVersion: 9, appium:statBarHeight: 32, appium:takesScreenshot: true, appium:udid: 5200fa184e619579, appium:viewportRect: {height: 1248, left: 0, top: 32, width: 800}, appium:warnings: {}, appium:webStorageEnabled: false, platformName: ANDROID}
Session ID: 51a9d66a-dc61-452e-beef-be5341f7876b
	at org.openqa.selenium.remote.codec.w3c.W3CHttpResponseCodec.createException(W3CHttpResponseCodec.java:200)
	at org.openqa.selenium.remote.codec.w3c.W3CHttpResponseCodec.decode(W3CHttpResponseCodec.java:133)
	at org.openqa.selenium.remote.codec.w3c.W3CHttpResponseCodec.decode(W3CHttpResponseCodec.java:53)
	at org.openqa.selenium.remote.HttpCommandExecutor.execute(HttpCommandExecutor.java:193)
	at io.appium.java_client.remote.AppiumCommandExecutor.execute(AppiumCommandExecutor.java:262)
	at org.openqa.selenium.remote.RemoteWebDriver.execute(RemoteWebDriver.java:543)
	at org.openqa.selenium.remote.ElementLocation$ElementFinder$2.findElement(ElementLocation.java:162)
	at org.openqa.selenium.remote.ElementLocation.findElement(ElementLocation.java:66)
	at org.openqa.selenium.remote.RemoteWebDriver.findElement(RemoteWebDriver.java:352)
	at org.openqa.selenium.remote.RemoteWebDriver.findElement(RemoteWebDriver.java:344)
	at org.meto.appium.pages.FormProspect.bcontinuarValid(FormProspect.java:233)
	at org.meto.appium.tests.TFProspect.FillProspect(TFProspect.java:63)
	at java.base/java.util.ArrayList.forEach(ArrayList.java:1541)
... Removed 31 stack frames
</div> <!-- stack-trace -->
                </div> <!-- method-content -->
              </div> <!-- method -->
            </div> <!-- main-panel-content rounded-window-bottom -->
          </div> <!-- suite-Data_Driven_Basics-class-failed -->
          <div class="suite-Data_Driven_Basics-class-passed">
            <div class="main-panel-header rounded-window-top">
              <img src="passed.png"/>
              <span class="class-name">org.meto.appium.tests.TFSignature</span>
            </div> <!-- main-panel-header rounded-window-top -->
            <div class="main-panel-content rounded-window-bottom">
              <div class="method">
                <div class="method-content">
                  <a name="FillSignature">
                  </a> <!-- FillSignature -->
                  <span class="method-name">FillSignature</span>
                </div> <!-- method-content -->
              </div> <!-- method -->
            </div> <!-- main-panel-content rounded-window-bottom -->
          </div> <!-- suite-Data_Driven_Basics-class-passed -->
          <div class="suite-Data_Driven_Basics-class-passed">
            <div class="main-panel-header rounded-window-top">
              <img src="passed.png"/>
              <span class="class-name">org.meto.appium.tests.TFProposal</span>
            </div> <!-- main-panel-header rounded-window-top -->
            <div class="main-panel-content rounded-window-bottom">
              <div class="method">
                <div class="method-content">
                  <a name="FillProposal">
                  </a> <!-- FillProposal -->
                  <span class="method-name">FillProposal</span>
                </div> <!-- method-content -->
              </div> <!-- method -->
            </div> <!-- main-panel-content rounded-window-bottom -->
          </div> <!-- suite-Data_Driven_Basics-class-passed -->
          <div class="suite-Data_Driven_Basics-class-passed">
            <div class="main-panel-header rounded-window-top">
              <img src="passed.png"/>
              <span class="class-name">org.meto.appium.tests.TFBusiness</span>
            </div> <!-- main-panel-header rounded-window-top -->
            <div class="main-panel-content rounded-window-bottom">
              <div class="method">
                <div class="method-content">
                  <a name="FillBusiness">
                  </a> <!-- FillBusiness -->
                  <span class="method-name">FillBusiness</span>
                </div> <!-- method-content -->
              </div> <!-- method -->
            </div> <!-- main-panel-content rounded-window-bottom -->
          </div> <!-- suite-Data_Driven_Basics-class-passed -->
          <div class="suite-Data_Driven_Basics-class-passed">
            <div class="main-panel-header rounded-window-top">
              <img src="passed.png"/>
              <span class="class-name">org.meto.appium.tests.TFLogin</span>
            </div> <!-- main-panel-header rounded-window-top -->
            <div class="main-panel-content rounded-window-bottom">
              <div class="method">
                <div class="method-content">
                  <a name="FillForm">
                  </a> <!-- FillForm -->
                  <span class="method-name">FillForm</span>
                </div> <!-- method-content -->
              </div> <!-- method -->
            </div> <!-- main-panel-content rounded-window-bottom -->
          </div> <!-- suite-Data_Driven_Basics-class-passed -->
          <div class="suite-Data_Driven_Basics-class-passed">
            <div class="main-panel-header rounded-window-top">
              <img src="passed.png"/>
              <span class="class-name">org.meto.appium.tests.TFContract</span>
            </div> <!-- main-panel-header rounded-window-top -->
            <div class="main-panel-content rounded-window-bottom">
              <div class="method">
                <div class="method-content">
                  <a name="FillContract">
                  </a> <!-- FillContract -->
                  <span class="method-name">FillContract</span>
                </div> <!-- method-content -->
              </div> <!-- method -->
            </div> <!-- main-panel-content rounded-window-bottom -->
          </div> <!-- suite-Data_Driven_Basics-class-passed -->
          <div class="suite-Data_Driven_Basics-class-passed">
            <div class="main-panel-header rounded-window-top">
              <img src="passed.png"/>
              <span class="class-name">org.meto.appium.tests.TFRse</span>
            </div> <!-- main-panel-header rounded-window-top -->
            <div class="main-panel-content rounded-window-bottom">
              <div class="method">
                <div class="method-content">
                  <a name="FillRse">
                  </a> <!-- FillRse -->
                  <span class="method-name">FillRse</span>
                </div> <!-- method-content -->
              </div> <!-- method -->
            </div> <!-- main-panel-content rounded-window-bottom -->
          </div> <!-- suite-Data_Driven_Basics-class-passed -->
        </div> <!-- panel Data_Driven_Basics -->
        <div panel-name="test-xml-Data_Driven_Basics" class="panel">
          <div class="main-panel-header rounded-window-top">
            <span class="header-content">C:\code\AppiumFrameworkSurgir3\src\test\resources\runners\testng.xml</span>
          </div> <!-- main-panel-header rounded-window-top -->
          <div class="main-panel-content rounded-window-bottom">
            <pre>
&lt;?xml version=&quot;1.0&quot; encoding=&quot;UTF-8&quot;?&gt;
&lt;!DOCTYPE suite SYSTEM &quot;https://testng.org/testng-1.0.dtd&quot;&gt;
&lt;suite name=&quot;Data Driven Basics&quot; guice-stage=&quot;DEVELOPMENT&quot;&gt;
  &lt;listeners&gt;
    &lt;listener class-name=&quot;org.meto.appium.extentreports.Listeners&quot;/&gt;
  &lt;/listeners&gt;
  &lt;test thread-count=&quot;5&quot; name=&quot;App Manager Login Test&quot;&gt;
    &lt;classes&gt;
      &lt;class name=&quot;org.meto.appium.tests.TFLogin&quot;/&gt;
    &lt;/classes&gt;
  &lt;/test&gt; &lt;!-- App Manager Login Test --&gt;
  &lt;test thread-count=&quot;5&quot; name=&quot;Prospect Test&quot;&gt;
    &lt;classes&gt;
      &lt;class name=&quot;org.meto.appium.tests.TFProspect&quot;/&gt;
    &lt;/classes&gt;
  &lt;/test&gt; &lt;!-- Prospect Test --&gt;
  &lt;test thread-count=&quot;5&quot; name=&quot;Customer Test&quot;&gt;
    &lt;classes&gt;
      &lt;class name=&quot;org.meto.appium.tests.TFCustomer&quot;/&gt;
    &lt;/classes&gt;
  &lt;/test&gt; &lt;!-- Customer Test --&gt;
  &lt;test thread-count=&quot;5&quot; name=&quot;Business Test&quot;&gt;
    &lt;classes&gt;
      &lt;class name=&quot;org.meto.appium.tests.TFBusiness&quot;/&gt;
    &lt;/classes&gt;
  &lt;/test&gt; &lt;!-- Business Test --&gt;
  &lt;test thread-count=&quot;5&quot; name=&quot;Rse Test&quot;&gt;
    &lt;classes&gt;
      &lt;class name=&quot;org.meto.appium.tests.TFRse&quot;/&gt;
    &lt;/classes&gt;
  &lt;/test&gt; &lt;!-- Rse Test --&gt;
  &lt;test thread-count=&quot;5&quot; name=&quot;Proposal Test&quot;&gt;
    &lt;classes&gt;
      &lt;class name=&quot;org.meto.appium.tests.TFProposal&quot;/&gt;
    &lt;/classes&gt;
  &lt;/test&gt; &lt;!-- Proposal Test --&gt;
  &lt;test thread-count=&quot;5&quot; name=&quot;Contract Test&quot;&gt;
    &lt;classes&gt;
      &lt;class name=&quot;org.meto.appium.tests.TFContract&quot;/&gt;
    &lt;/classes&gt;
  &lt;/test&gt; &lt;!-- Contract Test --&gt;
  &lt;test thread-count=&quot;5&quot; name=&quot;Signature Test&quot;&gt;
    &lt;classes&gt;
      &lt;class name=&quot;org.meto.appium.tests.TFSignature&quot;/&gt;
    &lt;/classes&gt;
  &lt;/test&gt; &lt;!-- Signature Test --&gt;
  &lt;test thread-count=&quot;5&quot; name=&quot;Guarantor Test&quot;&gt;
    &lt;classes&gt;
      &lt;class name=&quot;org.meto.appium.tests.TFGuarantor&quot;/&gt;
    &lt;/classes&gt;
  &lt;/test&gt; &lt;!-- Guarantor Test --&gt;
  &lt;test thread-count=&quot;5&quot; name=&quot;Customer Guarantor Test&quot;&gt;
    &lt;classes&gt;
      &lt;class name=&quot;org.meto.appium.tests.TFCustomerGuarantor&quot;/&gt;
    &lt;/classes&gt;
  &lt;/test&gt; &lt;!-- Customer Guarantor Test --&gt;
&lt;/suite&gt; &lt;!-- Data Driven Basics --&gt;
            </pre>
          </div> <!-- main-panel-content rounded-window-bottom -->
        </div> <!-- panel -->
        <div panel-name="testlist-Data_Driven_Basics" class="panel">
          <div class="main-panel-header rounded-window-top">
            <span class="header-content">Tests for Data Driven Basics</span>
          </div> <!-- main-panel-header rounded-window-top -->
          <div class="main-panel-content rounded-window-bottom">
            <ul>
              <li>
                <span class="test-name">App Manager Login Test (1 class)</span>
              </li>
              <li>
                <span class="test-name">Prospect Test (1 class)</span>
              </li>
              <li>
                <span class="test-name">Customer Test (1 class)</span>
              </li>
              <li>
                <span class="test-name">Business Test (1 class)</span>
              </li>
              <li>
                <span class="test-name">Rse Test (1 class)</span>
              </li>
              <li>
                <span class="test-name">Proposal Test (1 class)</span>
              </li>
              <li>
                <span class="test-name">Contract Test (1 class)</span>
              </li>
              <li>
                <span class="test-name">Signature Test (1 class)</span>
              </li>
              <li>
                <span class="test-name">Guarantor Test (1 class)</span>
              </li>
              <li>
                <span class="test-name">Customer Guarantor Test (1 class)</span>
              </li>
            </ul>
          </div> <!-- main-panel-content rounded-window-bottom -->
        </div> <!-- panel -->
        <div panel-name="group-Data_Driven_Basics" class="panel">
          <div class="main-panel-header rounded-window-top">
            <span class="header-content">Groups for Data Driven Basics</span>
          </div> <!-- main-panel-header rounded-window-top -->
          <div class="main-panel-content rounded-window-bottom">
          </div> <!-- main-panel-content rounded-window-bottom -->
        </div> <!-- panel -->
        <div panel-name="times-Data_Driven_Basics" class="panel">
          <div class="main-panel-header rounded-window-top">
            <span class="header-content">Times for Data Driven Basics</span>
          </div> <!-- main-panel-header rounded-window-top -->
          <div class="main-panel-content rounded-window-bottom">
            <div class="times-div">
              <script type="text/javascript">
suiteTableInitFunctions.push('tableData_Data_Driven_Basics');
function tableData_Data_Driven_Basics() {
var data = new google.visualization.DataTable();
data.addColumn('number', 'Number');
data.addColumn('string', 'Method');
data.addColumn('string', 'Class');
data.addColumn('number', 'Time (ms)');
data.addRows(10);
data.setCell(0, 0, 0)
data.setCell(0, 1, 'FillCustomerGuarantor')
data.setCell(0, 2, 'org.meto.appium.tests.TFCustomerGuarantor')
data.setCell(0, 3, 51357009);
data.setCell(1, 0, 1)
data.setCell(1, 1, 'FillSignature')
data.setCell(1, 2, 'org.meto.appium.tests.TFSignature')
data.setCell(1, 3, 457373);
data.setCell(2, 0, 2)
data.setCell(2, 1, 'FillCustomer')
data.setCell(2, 2, 'org.meto.appium.tests.TFCustomer')
data.setCell(2, 3, 265425);
data.setCell(3, 0, 3)
data.setCell(3, 1, 'FillRse')
data.setCell(3, 2, 'org.meto.appium.tests.TFRse')
data.setCell(3, 3, 185513);
data.setCell(4, 0, 4)
data.setCell(4, 1, 'FillGuarantor')
data.setCell(4, 2, 'org.meto.appium.tests.TFGuarantor')
data.setCell(4, 3, 139921);
data.setCell(5, 0, 5)
data.setCell(5, 1, 'FillProposal')
data.setCell(5, 2, 'org.meto.appium.tests.TFProposal')
data.setCell(5, 3, 108264);
data.setCell(6, 0, 6)
data.setCell(6, 1, 'FillProspect')
data.setCell(6, 2, 'org.meto.appium.tests.TFProspect')
data.setCell(6, 3, 101456);
data.setCell(7, 0, 7)
data.setCell(7, 1, 'FillContract')
data.setCell(7, 2, 'org.meto.appium.tests.TFContract')
data.setCell(7, 3, 31328);
data.setCell(8, 0, 8)
data.setCell(8, 1, 'FillBusiness')
data.setCell(8, 2, 'org.meto.appium.tests.TFBusiness')
data.setCell(8, 3, 28201);
data.setCell(9, 0, 9)
data.setCell(9, 1, 'FillForm')
data.setCell(9, 2, 'org.meto.appium.tests.TFLogin')
data.setCell(9, 3, 21170);
window.suiteTableData['Data_Driven_Basics']= { tableData: data, tableDiv: 'times-div-Data_Driven_Basics'}
return data;
}
              </script>
              <span class="suite-total-time">Total running time: 14 hours</span>
              <div id="times-div-Data_Driven_Basics">
              </div> <!-- times-div-Data_Driven_Basics -->
            </div> <!-- times-div -->
          </div> <!-- main-panel-content rounded-window-bottom -->
        </div> <!-- panel -->
        <div panel-name="reporter-Data_Driven_Basics" class="panel">
          <div class="main-panel-header rounded-window-top">
            <span class="header-content">Reporter output for Data Driven Basics</span>
          </div> <!-- main-panel-header rounded-window-top -->
          <div class="main-panel-content rounded-window-bottom">
          </div> <!-- main-panel-content rounded-window-bottom -->
        </div> <!-- panel -->
        <div panel-name="ignored-methods-Data_Driven_Basics" class="panel">
          <div class="main-panel-header rounded-window-top">
            <span class="header-content">0 ignored methods</span>
          </div> <!-- main-panel-header rounded-window-top -->
          <div class="main-panel-content rounded-window-bottom">
          </div> <!-- main-panel-content rounded-window-bottom -->
        </div> <!-- panel -->
        <div panel-name="chronological-Data_Driven_Basics" class="panel">
          <div class="main-panel-header rounded-window-top">
            <span class="header-content">Methods in chronological order</span>
          </div> <!-- main-panel-header rounded-window-top -->
          <div class="main-panel-content rounded-window-bottom">
            <div class="chronological-class">
              <div class="chronological-class-name">org.meto.appium.tests.TFCustomerGuarantor</div> <!-- chronological-class-name -->
              <div class="configuration-suite before">
                <span class="method-name">setup(org.testng.TestRunner@278150a1)</span>
                <span class="method-start">0 ms</span>
              </div> <!-- configuration-suite before -->
            </div> <!-- chronological-class -->
            <div class="chronological-class">
              <div class="chronological-class-name">org.meto.appium.tests.TFLogin</div> <!-- chronological-class-name -->
              <div class="configuration-method before">
                <span class="method-name">beforeMethod(public void org.meto.appium.tests.TFLogin.FillForm() throws java.lang.InterruptedException)</span>
                <span class="method-start">28605 ms</span>
              </div> <!-- configuration-method before -->
              <div class="test-method">
                <span class="method-name">FillForm</span>
                <span class="method-start">28626 ms</span>
              </div> <!-- test-method -->
            </div> <!-- chronological-class -->
            <div class="chronological-class">
              <div class="chronological-class-name">org.meto.appium.tests.TFProspect</div> <!-- chronological-class-name -->
              <div class="configuration-method before">
                <span class="method-name">beforeMethod(public static void org.meto.appium.tests.TFProspect.FillProspect() throws java.lang.InterruptedExcep...)</span>
                <span class="method-start">50117 ms</span>
              </div> <!-- configuration-method before -->
              <div class="test-method">
                <img src="failed.png">
                </img>
                <span class="method-name">FillProspect</span>
                <span class="method-start">50154 ms</span>
              </div> <!-- test-method -->
            </div> <!-- chronological-class -->
            <div class="chronological-class">
              <div class="chronological-class-name">org.meto.appium.tests.TFCustomer</div> <!-- chronological-class-name -->
              <div class="configuration-method before">
                <span class="method-name">beforeMethod(public void org.meto.appium.tests.TFCustomer.FillCustomer() throws java.lang.InterruptedException)</span>
                <span class="method-start">152425 ms</span>
              </div> <!-- configuration-method before -->
              <div class="test-method">
                <img src="failed.png">
                </img>
                <span class="method-name">FillCustomer</span>
                <span class="method-start">152445 ms</span>
              </div> <!-- test-method -->
            </div> <!-- chronological-class -->
            <div class="chronological-class">
              <div class="chronological-class-name">org.meto.appium.tests.TFBusiness</div> <!-- chronological-class-name -->
              <div class="configuration-method before">
                <span class="method-name">beforeMethod(public void org.meto.appium.tests.TFBusiness.FillBusiness() throws java.lang.InterruptedException)</span>
                <span class="method-start">418690 ms</span>
              </div> <!-- configuration-method before -->
              <div class="test-method">
                <span class="method-name">FillBusiness</span>
                <span class="method-start">418697 ms</span>
              </div> <!-- test-method -->
            </div> <!-- chronological-class -->
            <div class="chronological-class">
              <div class="chronological-class-name">org.meto.appium.tests.TFRse</div> <!-- chronological-class-name -->
              <div class="configuration-method before">
                <span class="method-name">beforeMethod(public void org.meto.appium.tests.TFRse.FillRse() throws java.lang.InterruptedException)</span>
                <span class="method-start">446955 ms</span>
              </div> <!-- configuration-method before -->
              <div class="test-method">
                <span class="method-name">FillRse</span>
                <span class="method-start">446964 ms</span>
              </div> <!-- test-method -->
            </div> <!-- chronological-class -->
            <div class="chronological-class">
              <div class="chronological-class-name">org.meto.appium.tests.TFProposal</div> <!-- chronological-class-name -->
              <div class="configuration-method before">
                <span class="method-name">beforeMethod(public void org.meto.appium.tests.TFProposal.FillProposal() throws java.lang.InterruptedException)</span>
                <span class="method-start">632516 ms</span>
              </div> <!-- configuration-method before -->
              <div class="test-method">
                <span class="method-name">FillProposal</span>
                <span class="method-start">632522 ms</span>
              </div> <!-- test-method -->
            </div> <!-- chronological-class -->
            <div class="chronological-class">
              <div class="chronological-class-name">org.meto.appium.tests.TFContract</div> <!-- chronological-class-name -->
              <div class="configuration-method before">
                <span class="method-name">beforeMethod(public void org.meto.appium.tests.TFContract.FillContract() throws java.lang.InterruptedException)</span>
                <span class="method-start">740824 ms</span>
              </div> <!-- configuration-method before -->
              <div class="test-method">
                <span class="method-name">FillContract</span>
                <span class="method-start">740829 ms</span>
              </div> <!-- test-method -->
            </div> <!-- chronological-class -->
            <div class="chronological-class">
              <div class="chronological-class-name">org.meto.appium.tests.TFSignature</div> <!-- chronological-class-name -->
              <div class="configuration-method before">
                <span class="method-name">beforeMethod(public void org.meto.appium.tests.TFSignature.FillSignature() throws java.lang.InterruptedException)</span>
                <span class="method-start">772202 ms</span>
              </div> <!-- configuration-method before -->
              <div class="test-method">
                <span class="method-name">FillSignature</span>
                <span class="method-start">772218 ms</span>
              </div> <!-- test-method -->
            </div> <!-- chronological-class -->
            <div class="chronological-class">
              <div class="chronological-class-name">org.meto.appium.tests.TFGuarantor</div> <!-- chronological-class-name -->
              <div class="configuration-method before">
                <span class="method-name">beforeMethod(public void org.meto.appium.tests.TFGuarantor.FillGuarantor() throws java.lang.InterruptedException)</span>
                <span class="method-start">1229635 ms</span>
              </div> <!-- configuration-method before -->
              <div class="test-method">
                <img src="failed.png">
                </img>
                <span class="method-name">FillGuarantor</span>
                <span class="method-start">1229645 ms</span>
              </div> <!-- test-method -->
            </div> <!-- chronological-class -->
            <div class="chronological-class">
              <div class="chronological-class-name">org.meto.appium.tests.TFCustomerGuarantor</div> <!-- chronological-class-name -->
              <div class="configuration-method before">
                <span class="method-name">beforeMethod(public void org.meto.appium.tests.TFCustomerGuarantor.FillCustomerGuarantor() throws java.lang.Inter...)</span>
                <span class="method-start">1370286 ms</span>
              </div> <!-- configuration-method before -->
              <div class="test-method">
                <img src="failed.png">
                </img>
                <span class="method-name">FillCustomerGuarantor</span>
                <span class="method-start">1370294 ms</span>
              </div> <!-- test-method -->
              <div class="configuration-suite after">
                <img src="failed.png">
                </img>
                <span class="method-name">teardown</span>
                <span class="method-start">52728006 ms</span>
              </div> <!-- configuration-suite after -->
          </div> <!-- main-panel-content rounded-window-bottom -->
        </div> <!-- panel -->
      </div> <!-- main-panel-root -->
    </div> <!-- wrapper -->
  </body>
<script type="text/javascript" src="testng-reports2.js"></script>
</html>
