<?xml version="1.0" encoding="UTF-8"?>
<testng-results ignored="0" total="6" passed="5" failed="1" skipped="0">
  <reporter-output>
  </reporter-output>
  <suite started-at="2023-03-21T14:47:06 PET" name="Data Driven Basics" finished-at="2023-03-21T14:57:12 PET" duration-ms="605869">
    <groups>
    </groups>
    <test started-at="2023-03-21T14:47:06 PET" name="App Manager Login Test" finished-at="2023-03-21T14:47:25 PET" duration-ms="18975">
      <class name="org.meto.appium.tests.TFLogin">
        <test-method is-config="true" signature="beforeMethod(java.lang.reflect.Method)[pri:0, instance:org.meto.appium.tests.TFLogin@5dcb4f5f]" started-at="2023-03-21T14:47:06 PET" name="beforeMethod" finished-at="2023-03-21T14:47:06 PET" duration-ms="33" status="PASS">
          <params>
            <param index="0">
              <value>
                <![CDATA[public void org.meto.appium.tests.TFLogin.FillForm() throws java.lang.InterruptedException]]>
              </value>
            </param>
          </params>
          <reporter-output>
          </reporter-output>
        </test-method> <!-- beforeMethod -->
        <test-method signature="FillForm()[pri:0, instance:org.meto.appium.tests.TFLogin@5dcb4f5f]" started-at="2023-03-21T14:47:06 PET" name="FillForm" finished-at="2023-03-21T14:47:25 PET" duration-ms="18920" status="PASS">
          <reporter-output>
          </reporter-output>
        </test-method> <!-- FillForm -->
      </class> <!-- org.meto.appium.tests.TFLogin -->
    </test> <!-- App Manager Login Test -->
    <test started-at="2023-03-21T14:47:25 PET" name="Prospect Test" finished-at="2023-03-21T14:49:20 PET" duration-ms="114374">
      <class name="org.meto.appium.tests.TFProspect">
        <test-method is-config="true" signature="beforeMethod(java.lang.reflect.Method)[pri:0, instance:org.meto.appium.tests.TFProspect@6ee6f53]" started-at="2023-03-21T14:47:25 PET" name="beforeMethod" finished-at="2023-03-21T14:47:25 PET" duration-ms="22" status="PASS">
          <params>
            <param index="0">
              <value>
                <![CDATA[public void org.meto.appium.tests.TFProspect.FillProspect() throws java.lang.InterruptedException]]>
              </value>
            </param>
          </params>
          <reporter-output>
          </reporter-output>
        </test-method> <!-- beforeMethod -->
        <test-method signature="FillProspect()[pri:0, instance:org.meto.appium.tests.TFProspect@6ee6f53]" started-at="2023-03-21T14:47:25 PET" name="FillProspect" finished-at="2023-03-21T14:49:20 PET" duration-ms="114348" status="PASS">
          <reporter-output>
          </reporter-output>
        </test-method> <!-- FillProspect -->
      </class> <!-- org.meto.appium.tests.TFProspect -->
    </test> <!-- Prospect Test -->
    <test started-at="2023-03-21T14:49:20 PET" name="Customer Test" finished-at="2023-03-21T14:51:47 PET" duration-ms="146813">
      <class name="org.meto.appium.tests.TFCustomer">
        <test-method is-config="true" signature="beforeMethod(java.lang.reflect.Method)[pri:0, instance:org.meto.appium.tests.TFCustomer@797cf65c]" started-at="2023-03-21T14:49:20 PET" name="beforeMethod" finished-at="2023-03-21T14:49:20 PET" duration-ms="12" status="PASS">
          <params>
            <param index="0">
              <value>
                <![CDATA[public void org.meto.appium.tests.TFCustomer.FillCustomer() throws java.lang.InterruptedException]]>
              </value>
            </param>
          </params>
          <reporter-output>
          </reporter-output>
        </test-method> <!-- beforeMethod -->
        <test-method signature="FillCustomer()[pri:0, instance:org.meto.appium.tests.TFCustomer@797cf65c]" started-at="2023-03-21T14:49:20 PET" name="FillCustomer" finished-at="2023-03-21T14:51:47 PET" duration-ms="146799" status="PASS">
          <reporter-output>
          </reporter-output>
        </test-method> <!-- FillCustomer -->
      </class> <!-- org.meto.appium.tests.TFCustomer -->
    </test> <!-- Customer Test -->
    <test started-at="2023-03-21T14:51:47 PET" name="Business Test" finished-at="2023-03-21T14:52:07 PET" duration-ms="20577">
      <class name="org.meto.appium.tests.TFBusiness">
        <test-method is-config="true" signature="beforeMethod(java.lang.reflect.Method)[pri:0, instance:org.meto.appium.tests.TFBusiness@1941a8ff]" started-at="2023-03-21T14:51:47 PET" name="beforeMethod" finished-at="2023-03-21T14:51:47 PET" duration-ms="13" status="PASS">
          <params>
            <param index="0">
              <value>
                <![CDATA[public void org.meto.appium.tests.TFBusiness.FillBusiness() throws java.lang.InterruptedException]]>
              </value>
            </param>
          </params>
          <reporter-output>
          </reporter-output>
        </test-method> <!-- beforeMethod -->
        <test-method signature="FillBusiness()[pri:0, instance:org.meto.appium.tests.TFBusiness@1941a8ff]" started-at="2023-03-21T14:51:47 PET" name="FillBusiness" finished-at="2023-03-21T14:52:07 PET" duration-ms="20562" status="PASS">
          <reporter-output>
          </reporter-output>
        </test-method> <!-- FillBusiness -->
      </class> <!-- org.meto.appium.tests.TFBusiness -->
    </test> <!-- Business Test -->
    <test started-at="2023-03-21T14:52:07 PET" name="Rse Test" finished-at="2023-03-21T14:54:52 PET" duration-ms="165311">
      <class name="org.meto.appium.tests.TFRse">
        <test-method is-config="true" signature="beforeMethod(java.lang.reflect.Method)[pri:0, instance:org.meto.appium.tests.TFRse@691939c9]" started-at="2023-03-21T14:52:07 PET" name="beforeMethod" finished-at="2023-03-21T14:52:07 PET" duration-ms="6" status="PASS">
          <params>
            <param index="0">
              <value>
                <![CDATA[public void org.meto.appium.tests.TFRse.FillRse() throws java.lang.InterruptedException]]>
              </value>
            </param>
          </params>
          <reporter-output>
          </reporter-output>
        </test-method> <!-- beforeMethod -->
        <test-method signature="FillRse()[pri:0, instance:org.meto.appium.tests.TFRse@691939c9]" started-at="2023-03-21T14:52:07 PET" name="FillRse" finished-at="2023-03-21T14:54:52 PET" duration-ms="165303" status="PASS">
          <reporter-output>
          </reporter-output>
        </test-method> <!-- FillRse -->
      </class> <!-- org.meto.appium.tests.TFRse -->
    </test> <!-- Rse Test -->
    <test started-at="2023-03-21T14:54:53 PET" name="Proposal Test" finished-at="2023-03-21T14:57:12 PET" duration-ms="139416">
      <class name="org.meto.appium.tests.TFProposal">
        <test-method is-config="true" signature="setup(org.testng.ITestContext)[pri:0, instance:org.meto.appium.tests.TFProposal@5adb0db3]" started-at="2023-03-21T14:46:37 PET" name="setup" finished-at="2023-03-21T14:47:06 PET" duration-ms="28873" status="PASS">
          <params>
            <param index="0">
              <value>
                <![CDATA[org.testng.TestRunner@5383bf08]]>
              </value>
            </param>
          </params>
          <reporter-output>
          </reporter-output>
        </test-method> <!-- setup -->
        <test-method is-config="true" signature="beforeMethod(java.lang.reflect.Method)[pri:0, instance:org.meto.appium.tests.TFProposal@5adb0db3]" started-at="2023-03-21T14:54:53 PET" name="beforeMethod" finished-at="2023-03-21T14:54:53 PET" duration-ms="5" status="PASS">
          <params>
            <param index="0">
              <value>
                <![CDATA[public void org.meto.appium.tests.TFProposal.FillProposal() throws java.lang.InterruptedException]]>
              </value>
            </param>
          </params>
          <reporter-output>
          </reporter-output>
        </test-method> <!-- beforeMethod -->
        <test-method signature="FillProposal()[pri:0, instance:org.meto.appium.tests.TFProposal@5adb0db3]" started-at="2023-03-21T14:54:53 PET" name="FillProposal" finished-at="2023-03-21T14:57:11 PET" duration-ms="138740" status="FAIL">
          <exception class="org.openqa.selenium.NoSuchElementException">
            <message>
              <![CDATA[An element could not be located on the page using the given search parameters.
For documentation on this error, please visit: https://selenium.dev/exceptions/#no_such_element
Build info: version: '4.8.1', revision: '8ebccac989'
System info: os.name: 'Windows 10', os.arch: 'amd64', os.version: '10.0', java.version: '15.0.2'
Driver info: io.appium.java_client.android.AndroidDriver
Command: [de1247aa-434d-4849-88d3-40cd2f0c1393, findElement {using=-android uiautomator, value=new UiScrollable(new UiSelector()).scrollIntoView(text("AMISTAD"));}]
Capabilities {appium:app: C://code//AppiumFrameworkSu..., appium:appPackage: pe.com.surgir.surgirapp, appium:appWaitActivity: .ui.login.LoginActivity,.ui..., appium:automationName: UIAutomator2, appium:chromedriverExecutable: C://Users//Praxis//Document..., appium:databaseEnabled: false, appium:desired: {app: C://code//AppiumFrameworkSu..., appWaitActivity: .ui.login.LoginActivity,.ui..., automationName: UIAutomator2, chromedriverExecutable: C://Users//Praxis//Document..., deviceName: samsung SM-T395, ignoreHiddenApiPolicyError: true, platformName: android, udid: 5200fa184e619579}, appium:deviceApiLevel: 28, appium:deviceManufacturer: samsung, appium:deviceModel: SM-T395, appium:deviceName: 5200fa184e619579, appium:deviceScreenDensity: 213, appium:deviceScreenSize: 800x1280, appium:deviceUDID: 5200fa184e619579, appium:ignoreHiddenApiPolicyError: true, appium:javascriptEnabled: true, appium:locationContextEnabled: false, appium:networkConnectionEnabled: true, appium:pixelRatio: 1.3312501, appium:platformVersion: 9, appium:statBarHeight: 32, appium:takesScreenshot: true, appium:udid: 5200fa184e619579, appium:viewportRect: {height: 1248, left: 0, top: 32, width: 800}, appium:warnings: {}, appium:webStorageEnabled: false, platformName: ANDROID}
Session ID: de1247aa-434d-4849-88d3-40cd2f0c1393]]>
            </message>
            <full-stacktrace>
              <![CDATA[org.openqa.selenium.NoSuchElementException: An element could not be located on the page using the given search parameters.
For documentation on this error, please visit: https://selenium.dev/exceptions/#no_such_element
Build info: version: '4.8.1', revision: '8ebccac989'
System info: os.name: 'Windows 10', os.arch: 'amd64', os.version: '10.0', java.version: '15.0.2'
Driver info: io.appium.java_client.android.AndroidDriver
Command: [de1247aa-434d-4849-88d3-40cd2f0c1393, findElement {using=-android uiautomator, value=new UiScrollable(new UiSelector()).scrollIntoView(text("AMISTAD"));}]
Capabilities {appium:app: C://code//AppiumFrameworkSu..., appium:appPackage: pe.com.surgir.surgirapp, appium:appWaitActivity: .ui.login.LoginActivity,.ui..., appium:automationName: UIAutomator2, appium:chromedriverExecutable: C://Users//Praxis//Document..., appium:databaseEnabled: false, appium:desired: {app: C://code//AppiumFrameworkSu..., appWaitActivity: .ui.login.LoginActivity,.ui..., automationName: UIAutomator2, chromedriverExecutable: C://Users//Praxis//Document..., deviceName: samsung SM-T395, ignoreHiddenApiPolicyError: true, platformName: android, udid: 5200fa184e619579}, appium:deviceApiLevel: 28, appium:deviceManufacturer: samsung, appium:deviceModel: SM-T395, appium:deviceName: 5200fa184e619579, appium:deviceScreenDensity: 213, appium:deviceScreenSize: 800x1280, appium:deviceUDID: 5200fa184e619579, appium:ignoreHiddenApiPolicyError: true, appium:javascriptEnabled: true, appium:locationContextEnabled: false, appium:networkConnectionEnabled: true, appium:pixelRatio: 1.3312501, appium:platformVersion: 9, appium:statBarHeight: 32, appium:takesScreenshot: true, appium:udid: 5200fa184e619579, appium:viewportRect: {height: 1248, left: 0, top: 32, width: 800}, appium:warnings: {}, appium:webStorageEnabled: false, platformName: ANDROID}
Session ID: de1247aa-434d-4849-88d3-40cd2f0c1393
at java.base/jdk.internal.reflect.NativeConstructorAccessorImpl.newInstance0(Native Method)
at java.base/jdk.internal.reflect.NativeConstructorAccessorImpl.newInstance(NativeConstructorAccessorImpl.java:64)
at java.base/jdk.internal.reflect.DelegatingConstructorAccessorImpl.newInstance(DelegatingConstructorAccessorImpl.java:45)
at java.base/java.lang.reflect.Constructor.newInstanceWithCaller(Constructor.java:500)
at java.base/java.lang.reflect.Constructor.newInstance(Constructor.java:481)
at org.openqa.selenium.remote.codec.w3c.W3CHttpResponseCodec.createException(W3CHttpResponseCodec.java:200)
at org.openqa.selenium.remote.codec.w3c.W3CHttpResponseCodec.decode(W3CHttpResponseCodec.java:133)
at org.openqa.selenium.remote.codec.w3c.W3CHttpResponseCodec.decode(W3CHttpResponseCodec.java:53)
at org.openqa.selenium.remote.HttpCommandExecutor.execute(HttpCommandExecutor.java:184)
at io.appium.java_client.remote.AppiumCommandExecutor.execute(AppiumCommandExecutor.java:262)
at org.openqa.selenium.remote.RemoteWebDriver.execute(RemoteWebDriver.java:543)
at org.openqa.selenium.remote.ElementLocation$ElementFinder$2.findElement(ElementLocation.java:162)
at org.openqa.selenium.remote.ElementLocation.findElement(ElementLocation.java:66)
at org.openqa.selenium.remote.RemoteWebDriver.findElement(RemoteWebDriver.java:352)
at org.openqa.selenium.remote.RemoteWebDriver.findElement(RemoteWebDriver.java:344)
at org.meto.appium.utils.AndroidActions.scrollToText(AndroidActions.java:461)
at org.meto.appium.pages.FormProposal.relationship(FormProposal.java:302)
at org.meto.appium.tests.TFProposal.FillProposal(TFProposal.java:67)
at java.base/jdk.internal.reflect.NativeMethodAccessorImpl.invoke0(Native Method)
at java.base/jdk.internal.reflect.NativeMethodAccessorImpl.invoke(NativeMethodAccessorImpl.java:64)
at java.base/jdk.internal.reflect.DelegatingMethodAccessorImpl.invoke(DelegatingMethodAccessorImpl.java:43)
at java.base/java.lang.reflect.Method.invoke(Method.java:564)
at org.testng.internal.invokers.MethodInvocationHelper.invokeMethod(MethodInvocationHelper.java:139)
at org.testng.internal.invokers.TestInvoker.invokeMethod(TestInvoker.java:677)
at org.testng.internal.invokers.TestInvoker.invokeTestMethod(TestInvoker.java:221)
at org.testng.internal.invokers.MethodRunner.runInSequence(MethodRunner.java:50)
at org.testng.internal.invokers.TestInvoker$MethodInvocationAgent.invoke(TestInvoker.java:969)
at org.testng.internal.invokers.TestInvoker.invokeTestMethods(TestInvoker.java:194)
at org.testng.internal.invokers.TestMethodWorker.invokeTestMethods(TestMethodWorker.java:148)
at org.testng.internal.invokers.TestMethodWorker.run(TestMethodWorker.java:128)
at java.base/java.util.ArrayList.forEach(ArrayList.java:1511)
at org.testng.TestRunner.privateRun(TestRunner.java:829)
at org.testng.TestRunner.run(TestRunner.java:602)
at org.testng.SuiteRunner.runTest(SuiteRunner.java:437)
at org.testng.SuiteRunner.runSequentially(SuiteRunner.java:431)
at org.testng.SuiteRunner.privateRun(SuiteRunner.java:391)
at org.testng.SuiteRunner.run(SuiteRunner.java:330)
at org.testng.SuiteRunnerWorker.runSuite(SuiteRunnerWorker.java:52)
at org.testng.SuiteRunnerWorker.run(SuiteRunnerWorker.java:95)
at org.testng.TestNG.runSuitesSequentially(TestNG.java:1256)
at org.testng.TestNG.runSuitesLocally(TestNG.java:1176)
at org.testng.TestNG.runSuites(TestNG.java:1099)
at org.testng.TestNG.run(TestNG.java:1067)
at org.testng.remote.AbstractRemoteTestNG.run(AbstractRemoteTestNG.java:115)
at org.testng.remote.RemoteTestNG.initAndRun(RemoteTestNG.java:251)
at org.testng.remote.RemoteTestNG.main(RemoteTestNG.java:77)
]]>
            </full-stacktrace>
          </exception> <!-- org.openqa.selenium.NoSuchElementException -->
          <reporter-output>
          </reporter-output>
        </test-method> <!-- FillProposal -->
        <test-method is-config="true" signature="teardown()[pri:0, instance:org.meto.appium.tests.TFProposal@5adb0db3]" started-at="2023-03-21T14:57:12 PET" name="teardown" finished-at="2023-03-21T14:57:13 PET" duration-ms="817" status="FAIL">
          <exception class="java.lang.NullPointerException">
            <message>
              <![CDATA[Cannot invoke "io.appium.java_client.service.local.AppiumDriverLocalService.stop()" because "this.service" is null]]>
            </message>
            <full-stacktrace>
              <![CDATA[java.lang.NullPointerException: Cannot invoke "io.appium.java_client.service.local.AppiumDriverLocalService.stop()" because "this.service" is null
at org.meto.appium.base.TestBase.teardown(TestBase.java:84)
at java.base/jdk.internal.reflect.NativeMethodAccessorImpl.invoke0(Native Method)
at java.base/jdk.internal.reflect.NativeMethodAccessorImpl.invoke(NativeMethodAccessorImpl.java:64)
at java.base/jdk.internal.reflect.DelegatingMethodAccessorImpl.invoke(DelegatingMethodAccessorImpl.java:43)
at java.base/java.lang.reflect.Method.invoke(Method.java:564)
at org.testng.internal.invokers.MethodInvocationHelper.invokeMethod(MethodInvocationHelper.java:139)
at org.testng.internal.invokers.MethodInvocationHelper.invokeMethodConsideringTimeout(MethodInvocationHelper.java:69)
at org.testng.internal.invokers.ConfigInvoker.invokeConfigurationMethod(ConfigInvoker.java:361)
at org.testng.internal.invokers.ConfigInvoker.invokeConfigurations(ConfigInvoker.java:296)
at org.testng.SuiteRunner.privateRun(SuiteRunner.java:404)
at org.testng.SuiteRunner.run(SuiteRunner.java:330)
at org.testng.SuiteRunnerWorker.runSuite(SuiteRunnerWorker.java:52)
at org.testng.SuiteRunnerWorker.run(SuiteRunnerWorker.java:95)
at org.testng.TestNG.runSuitesSequentially(TestNG.java:1256)
at org.testng.TestNG.runSuitesLocally(TestNG.java:1176)
at org.testng.TestNG.runSuites(TestNG.java:1099)
at org.testng.TestNG.run(TestNG.java:1067)
at org.testng.remote.AbstractRemoteTestNG.run(AbstractRemoteTestNG.java:115)
at org.testng.remote.RemoteTestNG.initAndRun(RemoteTestNG.java:251)
at org.testng.remote.RemoteTestNG.main(RemoteTestNG.java:77)
]]>
            </full-stacktrace>
          </exception> <!-- java.lang.NullPointerException -->
          <reporter-output>
          </reporter-output>
        </test-method> <!-- teardown -->
      </class> <!-- org.meto.appium.tests.TFProposal -->
    </test> <!-- Proposal Test -->
  </suite> <!-- Data Driven Basics -->
</testng-results>
